#
# A fatal error has been detected by the Java Runtime Environment:
#
#  EXCEPTION_ACCESS_VIOLATION (0xc0000005) at pc=0x00007fff97f52957, pid=8176, tid=5836
#
# JRE version: Java(TM) SE Runtime Environment (9.0+11) (build 9.0.4+11)
# Java VM: Java HotSpot(TM) 64-Bit Server VM (9.0.4+11, mixed mode, tiered, compressed oops, g1 gc, windows-amd64)
# Problematic frame:
# C  [lwjgl_opengl.dll+0x12957]
#
# No core dump will be written. Minidumps are not enabled by default on client versions of Windows
#
# If you would like to submit a bug report, please visit:
#   http://bugreport.java.com/bugreport/crash.jsp
# The crash happened outside the Java Virtual Machine in native code.
# See problematic frame for where to report the bug.
#

---------------  S U M M A R Y ------------

Command Line: -javaagent:C:\Program Files\JetBrains\IntelliJ IDEA Community Edition 2017.3\lib\idea_rt.jar=55272:C:\Program Files\JetBrains\IntelliJ IDEA Community Edition 2017.3\bin -Dfile.encoding=UTF-8 Game.MainGameLoop

Host: AMD FX(tm)-6300 Six-Core Processor             , 6 cores, 7G,  Windows 10 , 64 bit Build 16299 (10.0.16299.15)
Time: Tue Apr 10 22:07:52 2018 Közép-európai nyári ido  elapsed time: 0 seconds (0d 0h 0m 0s)

---------------  T H R E A D  ---------------

Current thread (0x0000024753514800):  JavaThread "main" [_thread_in_native, id=5836, stack(0x000000afaa300000,0x000000afaa400000)]

Stack: [0x000000afaa300000,0x000000afaa400000],  sp=0x000000afaa3ff1f8,  free space=1020k
Native frames: (J=compiled Java code, j=interpreted, Vv=VM code, C=native code)
C  [lwjgl_opengl.dll+0x12957]

Java frames: (J=compiled Java code, j=interpreted, Vv=VM code)
j  org.lwjgl.opengl.GL20.glCreateShader(I)I+0
j  core.coreTypes.ShaderProgram.loadShader(Ljava/lang/String;I)I+66
j  core.coreTypes.ShaderProgram.<init>(Ljava/lang/String;Ljava/lang/String;)V+8
j  core.ShaderOpenGL.<init>()V+5
j  Game.MainGameLoop.main([Ljava/lang/String;)V+23
v  ~StubRoutines::call_stub

siginfo: EXCEPTION_ACCESS_VIOLATION (0xc0000005), reading address 0x00000000000008a8


Register to memory mapping:

RIP=0x00007fff97f52957 lwjgl_opengl.dll
RAX=0x000000006be5f220 jvm.dll
RBX={method} {0x00000247768fdce0} 'glCreateShader' '(I)I' in 'org/lwjgl/opengl/GL20'
RCX=0x0000000000000000 is an unknown value
RDX=0x000000afaa3ff288 is pointing into the stack for thread: 0x0000024753514800
RSP=0x000000afaa3ff1f8 is pointing into the stack for thread: 0x0000024753514800
RBP=0x000000afaa3ff278 is pointing into the stack for thread: 0x0000024753514800
RSI=0x0000000000200020 is an unknown value
RDI=0x000002475f56b603 is at code_begin+2307 in an Interpreter codelet
invoke return entry points  [0x000002475f56ad00, 0x000002475f56b6e0]  2528 bytes
R8 =0x0000000000008b31 is an unknown value
R9 =0x0000024753513590 is an unknown value
R10=0x000002475f579170 is at code_begin+976 in an Interpreter codelet
method entry point (kind = native)  [0x000002475f578da0, 0x000002475f579900]  2912 bytes
R11=0x00000000887c7238 is pointing into object: 0x0000000088753798

[error occurred during error reporting (printing register info), id 0xc0000005]

Registers:
RAX=0x000000006be5f220, RBX=0x00000247768fdcd8, RCX=0x0000000000000000, RDX=0x000000afaa3ff288
RSP=0x000000afaa3ff1f8, RBP=0x000000afaa3ff278, RSI=0x0000000000200020, RDI=0x000002475f56b603
R8 =0x0000000000008b31, R9 =0x0000024753513590, R10=0x000002475f579170, R11=0x00000000887c7238
R12=0x0000000000000000, R13=0x00000247768fdcc8, R14=0x000000afaa3ff298, R15=0x0000024753514800
RIP=0x00007fff97f52957, EFLAGS=0x0000000000010202

Top of Stack: (sp=0x000000afaa3ff1f8)
0x000000afaa3ff1f8:   000002475f57919c 0000024753514800
0x000000afaa3ff208:   00000247768fdcd8 0000000000200020
0x000000afaa3ff218:   0000000000000000 000002475f56b603
0x000000afaa3ff228:   000002475f578e53 000000afaa3ff230
0x000000afaa3ff238:   00000247768fdcc8 000000afaa3ff298
0x000000afaa3ff248:   0000024776910d00 0000000000000000
0x000000afaa3ff258:   00000000887c7238 00000247768fdcd8
0x000000afaa3ff268:   0000000000000000 000000afaa3ff298
0x000000afaa3ff278:   000000afaa3ff2e8 000002475f56b040
0x000000afaa3ff288:   00000000887c7238 000002475f576116
0x000000afaa3ff298:   0000000000008b31 000000afaa3ff2a0
0x000000afaa3ff2a8:   00000247768f9fe2 000000afaa3ff318
0x000000afaa3ff2b8:   00000247768fa110 0000000000000000
0x000000afaa3ff2c8:   000000008878c070 00000247768fa090
0x000000afaa3ff2d8:   000000afaa3ff298 000000afaa3ff310
0x000000afaa3ff2e8:   000000afaa3ff370 000002475f56b040 

Instructions: (pc=0x00007fff97f52957)
0x00007fff97f52937:   48 8b 81 f0 1b 00 00 41 8b c8 48 ff e0 cc cc cc
0x00007fff97f52947:   cc cc cc cc cc cc cc cc cc 48 8b 01 48 8b 48 18
0x00007fff97f52957:   48 8b 81 a8 08 00 00 41 8b c8 48 ff e0 cc cc cc
0x00007fff97f52967:   cc cc cc cc cc cc cc cc cc 48 8b 01 41 8b c8 48 



---------------  P R O C E S S  ---------------

Java Threads: ( => current thread )
  0x000002477718d000 JavaThread "Service Thread" daemon [_thread_blocked, id=7788, stack(0x000000afac000000,0x000000afac100000)]
  0x000002477718c800 JavaThread "Monitor Ctrl-Break" daemon [_thread_in_native, id=7048, stack(0x000000afabf00000,0x000000afac000000)]
  0x0000024776e2e000 JavaThread "Common-Cleaner" daemon [_thread_blocked, id=11132, stack(0x000000afabe00000,0x000000afabf00000)]
  0x0000024776dd2800 JavaThread "Sweeper thread" daemon [_thread_blocked, id=4864, stack(0x000000afabd00000,0x000000afabe00000)]
  0x0000024776da2000 JavaThread "C1 CompilerThread2" daemon [_thread_blocked, id=2280, stack(0x000000afabc00000,0x000000afabd00000)]
  0x0000024776d90000 JavaThread "C2 CompilerThread1" daemon [_thread_blocked, id=10620, stack(0x000000afabb00000,0x000000afabc00000)]
  0x0000024776d8f000 JavaThread "C2 CompilerThread0" daemon [_thread_blocked, id=968, stack(0x000000afaba00000,0x000000afabb00000)]
  0x0000024776d8e800 JavaThread "Attach Listener" daemon [_thread_blocked, id=8128, stack(0x000000afab900000,0x000000afaba00000)]
  0x0000024776d35800 JavaThread "Signal Dispatcher" daemon [_thread_blocked, id=6760, stack(0x000000afab800000,0x000000afab900000)]
  0x0000024776d34000 JavaThread "Finalizer" daemon [_thread_blocked, id=2844, stack(0x000000afab600000,0x000000afab700000)]
  0x0000024776d33800 JavaThread "Reference Handler" daemon [_thread_blocked, id=4660, stack(0x000000afab500000,0x000000afab600000)]
=>0x0000024753514800 JavaThread "main" [_thread_in_native, id=5836, stack(0x000000afaa300000,0x000000afaa400000)]

Other Threads:
  0x0000024776d2e000 VMThread "VM Thread" [stack: 0x000000afab400000,0x000000afab500000] [id=11868]
  0x0000024777196800 WatcherThread [stack: 0x000000afac100000,0x000000afac200000] [id=6280]
  0x000002475352b000 GCTaskThread "GC Thread#0" [stack: 0x000000afaa400000,0x000000afaa500000] [id=6952]
  0x000002475352c000 GCTaskThread "GC Thread#1" [stack: 0x000000afaa500000,0x000000afaa600000] [id=5840]
  0x000002475352e000 GCTaskThread "GC Thread#2" [stack: 0x000000afaa600000,0x000000afaa700000] [id=8024]
  0x0000024753531800 GCTaskThread "GC Thread#3" [stack: 0x000000afaa700000,0x000000afaa800000] [id=3108]
  0x0000024753538800 GCTaskThread "GC Thread#4" [stack: 0x000000afaa800000,0x000000afaa900000] [id=10500]
  0x000002475353e800 GCTaskThread "GC Thread#5" [stack: 0x000000afaa900000,0x000000afaaa00000] [id=8656]
  0x00000247535c3000 ConcurrentGCThread "G1 Main Marker" [stack: 0x000000afab100000,0x000000afab200000] [id=8624]
  0x00000247535c4000 ConcurrentGCThread "G1 Marker#0" [stack: 0x000000afab200000,0x000000afab300000] [id=8928]
  0x00000247535c5000 ConcurrentGCThread "G1 Marker#1" [stack: 0x000000afab300000,0x000000afab400000] [id=10188]
  0x000002475355a000 ConcurrentGCThread "G1 Refine#0" [stack: 0x000000afaaf00000,0x000000afab000000] [id=6356]
  0x000002475354d800 ConcurrentGCThread "G1 Refine#1" [stack: 0x000000afaae00000,0x000000afaaf00000] [id=9996]
  0x000002475354c800 ConcurrentGCThread "G1 Refine#2" [stack: 0x000000afaad00000,0x000000afaae00000] [id=11644]
  0x000002475354b000 ConcurrentGCThread "G1 Refine#3" [stack: 0x000000afaac00000,0x000000afaad00000] [id=3644]
  0x0000024753545000 ConcurrentGCThread "G1 Refine#4" [stack: 0x000000afaab00000,0x000000afaac00000] [id=6452]
  0x0000024753544000 ConcurrentGCThread "G1 Refine#5" [stack: 0x000000afaaa00000,0x000000afaab00000] [id=9064]
  0x000002475355d000 ConcurrentGCThread "G1 Young RemSet Sampling" [stack: 0x000000afab000000,0x000000afab100000] [id=4372]

Threads with active compile tasks:

VM state:not at safepoint (normal execution)

VM Mutex/Monitor currently owned by a thread: None

Heap address: 0x0000000080c00000, size: 2036 MB, Compressed Oops mode: 32-bit
Narrow klass base: 0x0000000000000000, Narrow klass shift: 3
Compressed class space size: 1073741824 Address: 0x0000000100000000

Heap:
 garbage-first heap   total 131072K, used 9216K [0x0000000080c00000, 0x0000000080d00400, 0x0000000100000000)
  region size 1024K, 10 young (10240K), 0 survivors (0K)
 Metaspace       used 8475K, capacity 8676K, committed 8832K, reserved 1056768K
  class space    used 754K, capacity 799K, committed 896K, reserved 1048576K
Heap Regions: E=young(eden), S=young(survivor), O=old, HS=humongous(starts), HC=humongous(continues), CS=collection set, F=free, A=archive, TS=gc time stamp, AC=allocation context, TAMS=top-at-mark-start (previous, next)
|   0|0x0000000080c00000, 0x0000000080c00000, 0x0000000080d00000|  0%| F|  |TS  0|AC  0|TAMS 0x0000000080c00000, 0x0000000080c00000|
|   1|0x0000000080d00000, 0x0000000080d00000, 0x0000000080e00000|  0%| F|  |TS  0|AC  0|TAMS 0x0000000080d00000, 0x0000000080d00000|
|   2|0x0000000080e00000, 0x0000000080e00000, 0x0000000080f00000|  0%| F|  |TS  0|AC  0|TAMS 0x0000000080e00000, 0x0000000080e00000|
|   3|0x0000000080f00000, 0x0000000080f00000, 0x0000000081000000|  0%| F|  |TS  0|AC  0|TAMS 0x0000000080f00000, 0x0000000080f00000|
|   4|0x0000000081000000, 0x0000000081000000, 0x0000000081100000|  0%| F|  |TS  0|AC  0|TAMS 0x0000000081000000, 0x0000000081000000|
|   5|0x0000000081100000, 0x0000000081100000, 0x0000000081200000|  0%| F|  |TS  0|AC  0|TAMS 0x0000000081100000, 0x0000000081100000|
|   6|0x0000000081200000, 0x0000000081200000, 0x0000000081300000|  0%| F|  |TS  0|AC  0|TAMS 0x0000000081200000, 0x0000000081200000|
|   7|0x0000000081300000, 0x0000000081300000, 0x0000000081400000|  0%| F|  |TS  0|AC  0|TAMS 0x0000000081300000, 0x0000000081300000|
|   8|0x0000000081400000, 0x0000000081400000, 0x0000000081500000|  0%| F|  |TS  0|AC  0|TAMS 0x0000000081400000, 0x0000000081400000|
|   9|0x0000000081500000, 0x0000000081500000, 0x0000000081600000|  0%| F|  |TS  0|AC  0|TAMS 0x0000000081500000, 0x0000000081500000|
|  10|0x0000000081600000, 0x0000000081600000, 0x0000000081700000|  0%| F|  |TS  0|AC  0|TAMS 0x0000000081600000, 0x0000000081600000|
|  11|0x0000000081700000, 0x0000000081700000, 0x0000000081800000|  0%| F|  |TS  0|AC  0|TAMS 0x0000000081700000, 0x0000000081700000|
|  12|0x0000000081800000, 0x0000000081800000, 0x0000000081900000|  0%| F|  |TS  0|AC  0|TAMS 0x0000000081800000, 0x0000000081800000|
|  13|0x0000000081900000, 0x0000000081900000, 0x0000000081a00000|  0%| F|  |TS  0|AC  0|TAMS 0x0000000081900000, 0x0000000081900000|
|  14|0x0000000081a00000, 0x0000000081a00000, 0x0000000081b00000|  0%| F|  |TS  0|AC  0|TAMS 0x0000000081a00000, 0x0000000081a00000|
|  15|0x0000000081b00000, 0x0000000081b00000, 0x0000000081c00000|  0%| F|  |TS  0|AC  0|TAMS 0x0000000081b00000, 0x0000000081b00000|
|  16|0x0000000081c00000, 0x0000000081c00000, 0x0000000081d00000|  0%| F|  |TS  0|AC  0|TAMS 0x0000000081c00000, 0x0000000081c00000|
|  17|0x0000000081d00000, 0x0000000081d00000, 0x0000000081e00000|  0%| F|  |TS  0|AC  0|TAMS 0x0000000081d00000, 0x0000000081d00000|
|  18|0x0000000081e00000, 0x0000000081e00000, 0x0000000081f00000|  0%| F|  |TS  0|AC  0|TAMS 0x0000000081e00000, 0x0000000081e00000|
|  19|0x0000000081f00000, 0x0000000081f00000, 0x0000000082000000|  0%| F|  |TS  0|AC  0|TAMS 0x0000000081f00000, 0x0000000081f00000|
|  20|0x0000000082000000, 0x0000000082000000, 0x0000000082100000|  0%| F|  |TS  0|AC  0|TAMS 0x0000000082000000, 0x0000000082000000|
|  21|0x0000000082100000, 0x0000000082100000, 0x0000000082200000|  0%| F|  |TS  0|AC  0|TAMS 0x0000000082100000, 0x0000000082100000|
|  22|0x0000000082200000, 0x0000000082200000, 0x0000000082300000|  0%| F|  |TS  0|AC  0|TAMS 0x0000000082200000, 0x0000000082200000|
|  23|0x0000000082300000, 0x0000000082300000, 0x0000000082400000|  0%| F|  |TS  0|AC  0|TAMS 0x0000000082300000, 0x0000000082300000|
|  24|0x0000000082400000, 0x0000000082400000, 0x0000000082500000|  0%| F|  |TS  0|AC  0|TAMS 0x0000000082400000, 0x0000000082400000|
|  25|0x0000000082500000, 0x0000000082500000, 0x0000000082600000|  0%| F|  |TS  0|AC  0|TAMS 0x0000000082500000, 0x0000000082500000|
|  26|0x0000000082600000, 0x0000000082600000, 0x0000000082700000|  0%| F|  |TS  0|AC  0|TAMS 0x0000000082600000, 0x0000000082600000|
|  27|0x0000000082700000, 0x0000000082700000, 0x0000000082800000|  0%| F|  |TS  0|AC  0|TAMS 0x0000000082700000, 0x0000000082700000|
|  28|0x0000000082800000, 0x0000000082800000, 0x0000000082900000|  0%| F|  |TS  0|AC  0|TAMS 0x0000000082800000, 0x0000000082800000|
|  29|0x0000000082900000, 0x0000000082900000, 0x0000000082a00000|  0%| F|  |TS  0|AC  0|TAMS 0x0000000082900000, 0x0000000082900000|
|  30|0x0000000082a00000, 0x0000000082a00000, 0x0000000082b00000|  0%| F|  |TS  0|AC  0|TAMS 0x0000000082a00000, 0x0000000082a00000|
|  31|0x0000000082b00000, 0x0000000082b00000, 0x0000000082c00000|  0%| F|  |TS  0|AC  0|TAMS 0x0000000082b00000, 0x0000000082b00000|
|  32|0x0000000082c00000, 0x0000000082c00000, 0x0000000082d00000|  0%| F|  |TS  0|AC  0|TAMS 0x0000000082c00000, 0x0000000082c00000|
|  33|0x0000000082d00000, 0x0000000082d00000, 0x0000000082e00000|  0%| F|  |TS  0|AC  0|TAMS 0x0000000082d00000, 0x0000000082d00000|
|  34|0x0000000082e00000, 0x0000000082e00000, 0x0000000082f00000|  0%| F|  |TS  0|AC  0|TAMS 0x0000000082e00000, 0x0000000082e00000|
|  35|0x0000000082f00000, 0x0000000082f00000, 0x0000000083000000|  0%| F|  |TS  0|AC  0|TAMS 0x0000000082f00000, 0x0000000082f00000|
|  36|0x0000000083000000, 0x0000000083000000, 0x0000000083100000|  0%| F|  |TS  0|AC  0|TAMS 0x0000000083000000, 0x0000000083000000|
|  37|0x0000000083100000, 0x0000000083100000, 0x0000000083200000|  0%| F|  |TS  0|AC  0|TAMS 0x0000000083100000, 0x0000000083100000|
|  38|0x0000000083200000, 0x0000000083200000, 0x0000000083300000|  0%| F|  |TS  0|AC  0|TAMS 0x0000000083200000, 0x0000000083200000|
|  39|0x0000000083300000, 0x0000000083300000, 0x0000000083400000|  0%| F|  |TS  0|AC  0|TAMS 0x0000000083300000, 0x0000000083300000|
|  40|0x0000000083400000, 0x0000000083400000, 0x0000000083500000|  0%| F|  |TS  0|AC  0|TAMS 0x0000000083400000, 0x0000000083400000|
|  41|0x0000000083500000, 0x0000000083500000, 0x0000000083600000|  0%| F|  |TS  0|AC  0|TAMS 0x0000000083500000, 0x0000000083500000|
|  42|0x0000000083600000, 0x0000000083600000, 0x0000000083700000|  0%| F|  |TS  0|AC  0|TAMS 0x0000000083600000, 0x0000000083600000|
|  43|0x0000000083700000, 0x0000000083700000, 0x0000000083800000|  0%| F|  |TS  0|AC  0|TAMS 0x0000000083700000, 0x0000000083700000|
|  44|0x0000000083800000, 0x0000000083800000, 0x0000000083900000|  0%| F|  |TS  0|AC  0|TAMS 0x0000000083800000, 0x0000000083800000|
|  45|0x0000000083900000, 0x0000000083900000, 0x0000000083a00000|  0%| F|  |TS  0|AC  0|TAMS 0x0000000083900000, 0x0000000083900000|
|  46|0x0000000083a00000, 0x0000000083a00000, 0x0000000083b00000|  0%| F|  |TS  0|AC  0|TAMS 0x0000000083a00000, 0x0000000083a00000|
|  47|0x0000000083b00000, 0x0000000083b00000, 0x0000000083c00000|  0%| F|  |TS  0|AC  0|TAMS 0x0000000083b00000, 0x0000000083b00000|
|  48|0x0000000083c00000, 0x0000000083c00000, 0x0000000083d00000|  0%| F|  |TS  0|AC  0|TAMS 0x0000000083c00000, 0x0000000083c00000|
|  49|0x0000000083d00000, 0x0000000083d00000, 0x0000000083e00000|  0%| F|  |TS  0|AC  0|TAMS 0x0000000083d00000, 0x0000000083d00000|
|  50|0x0000000083e00000, 0x0000000083e00000, 0x0000000083f00000|  0%| F|  |TS  0|AC  0|TAMS 0x0000000083e00000, 0x0000000083e00000|
|  51|0x0000000083f00000, 0x0000000083f00000, 0x0000000084000000|  0%| F|  |TS  0|AC  0|TAMS 0x0000000083f00000, 0x0000000083f00000|
|  52|0x0000000084000000, 0x0000000084000000, 0x0000000084100000|  0%| F|  |TS  0|AC  0|TAMS 0x0000000084000000, 0x0000000084000000|
|  53|0x0000000084100000, 0x0000000084100000, 0x0000000084200000|  0%| F|  |TS  0|AC  0|TAMS 0x0000000084100000, 0x0000000084100000|
|  54|0x0000000084200000, 0x0000000084200000, 0x0000000084300000|  0%| F|  |TS  0|AC  0|TAMS 0x0000000084200000, 0x0000000084200000|
|  55|0x0000000084300000, 0x0000000084300000, 0x0000000084400000|  0%| F|  |TS  0|AC  0|TAMS 0x0000000084300000, 0x0000000084300000|
|  56|0x0000000084400000, 0x0000000084400000, 0x0000000084500000|  0%| F|  |TS  0|AC  0|TAMS 0x0000000084400000, 0x0000000084400000|
|  57|0x0000000084500000, 0x0000000084500000, 0x0000000084600000|  0%| F|  |TS  0|AC  0|TAMS 0x0000000084500000, 0x0000000084500000|
|  58|0x0000000084600000, 0x0000000084600000, 0x0000000084700000|  0%| F|  |TS  0|AC  0|TAMS 0x0000000084600000, 0x0000000084600000|
|  59|0x0000000084700000, 0x0000000084700000, 0x0000000084800000|  0%| F|  |TS  0|AC  0|TAMS 0x0000000084700000, 0x0000000084700000|
|  60|0x0000000084800000, 0x0000000084800000, 0x0000000084900000|  0%| F|  |TS  0|AC  0|TAMS 0x0000000084800000, 0x0000000084800000|
|  61|0x0000000084900000, 0x0000000084900000, 0x0000000084a00000|  0%| F|  |TS  0|AC  0|TAMS 0x0000000084900000, 0x0000000084900000|
|  62|0x0000000084a00000, 0x0000000084a00000, 0x0000000084b00000|  0%| F|  |TS  0|AC  0|TAMS 0x0000000084a00000, 0x0000000084a00000|
|  63|0x0000000084b00000, 0x0000000084b00000, 0x0000000084c00000|  0%| F|  |TS  0|AC  0|TAMS 0x0000000084b00000, 0x0000000084b00000|
|  64|0x0000000084c00000, 0x0000000084c00000, 0x0000000084d00000|  0%| F|  |TS  0|AC  0|TAMS 0x0000000084c00000, 0x0000000084c00000|
|  65|0x0000000084d00000, 0x0000000084d00000, 0x0000000084e00000|  0%| F|  |TS  0|AC  0|TAMS 0x0000000084d00000, 0x0000000084d00000|
|  66|0x0000000084e00000, 0x0000000084e00000, 0x0000000084f00000|  0%| F|  |TS  0|AC  0|TAMS 0x0000000084e00000, 0x0000000084e00000|
|  67|0x0000000084f00000, 0x0000000084f00000, 0x0000000085000000|  0%| F|  |TS  0|AC  0|TAMS 0x0000000084f00000, 0x0000000084f00000|
|  68|0x0000000085000000, 0x0000000085000000, 0x0000000085100000|  0%| F|  |TS  0|AC  0|TAMS 0x0000000085000000, 0x0000000085000000|
|  69|0x0000000085100000, 0x0000000085100000, 0x0000000085200000|  0%| F|  |TS  0|AC  0|TAMS 0x0000000085100000, 0x0000000085100000|
|  70|0x0000000085200000, 0x0000000085200000, 0x0000000085300000|  0%| F|  |TS  0|AC  0|TAMS 0x0000000085200000, 0x0000000085200000|
|  71|0x0000000085300000, 0x0000000085300000, 0x0000000085400000|  0%| F|  |TS  0|AC  0|TAMS 0x0000000085300000, 0x0000000085300000|
|  72|0x0000000085400000, 0x0000000085400000, 0x0000000085500000|  0%| F|  |TS  0|AC  0|TAMS 0x0000000085400000, 0x0000000085400000|
|  73|0x0000000085500000, 0x0000000085500000, 0x0000000085600000|  0%| F|  |TS  0|AC  0|TAMS 0x0000000085500000, 0x0000000085500000|
|  74|0x0000000085600000, 0x0000000085600000, 0x0000000085700000|  0%| F|  |TS  0|AC  0|TAMS 0x0000000085600000, 0x0000000085600000|
|  75|0x0000000085700000, 0x0000000085700000, 0x0000000085800000|  0%| F|  |TS  0|AC  0|TAMS 0x0000000085700000, 0x0000000085700000|
|  76|0x0000000085800000, 0x0000000085800000, 0x0000000085900000|  0%| F|  |TS  0|AC  0|TAMS 0x0000000085800000, 0x0000000085800000|
|  77|0x0000000085900000, 0x0000000085900000, 0x0000000085a00000|  0%| F|  |TS  0|AC  0|TAMS 0x0000000085900000, 0x0000000085900000|
|  78|0x0000000085a00000, 0x0000000085a00000, 0x0000000085b00000|  0%| F|  |TS  0|AC  0|TAMS 0x0000000085a00000, 0x0000000085a00000|
|  79|0x0000000085b00000, 0x0000000085b00000, 0x0000000085c00000|  0%| F|  |TS  0|AC  0|TAMS 0x0000000085b00000, 0x0000000085b00000|
|  80|0x0000000085c00000, 0x0000000085c00000, 0x0000000085d00000|  0%| F|  |TS  0|AC  0|TAMS 0x0000000085c00000, 0x0000000085c00000|
|  81|0x0000000085d00000, 0x0000000085d00000, 0x0000000085e00000|  0%| F|  |TS  0|AC  0|TAMS 0x0000000085d00000, 0x0000000085d00000|
|  82|0x0000000085e00000, 0x0000000085e00000, 0x0000000085f00000|  0%| F|  |TS  0|AC  0|TAMS 0x0000000085e00000, 0x0000000085e00000|
|  83|0x0000000085f00000, 0x0000000085f00000, 0x0000000086000000|  0%| F|  |TS  0|AC  0|TAMS 0x0000000085f00000, 0x0000000085f00000|
|  84|0x0000000086000000, 0x0000000086000000, 0x0000000086100000|  0%| F|  |TS  0|AC  0|TAMS 0x0000000086000000, 0x0000000086000000|
|  85|0x0000000086100000, 0x0000000086100000, 0x0000000086200000|  0%| F|  |TS  0|AC  0|TAMS 0x0000000086100000, 0x0000000086100000|
|  86|0x0000000086200000, 0x0000000086200000, 0x0000000086300000|  0%| F|  |TS  0|AC  0|TAMS 0x0000000086200000, 0x0000000086200000|
|  87|0x0000000086300000, 0x0000000086300000, 0x0000000086400000|  0%| F|  |TS  0|AC  0|TAMS 0x0000000086300000, 0x0000000086300000|
|  88|0x0000000086400000, 0x0000000086400000, 0x0000000086500000|  0%| F|  |TS  0|AC  0|TAMS 0x0000000086400000, 0x0000000086400000|
|  89|0x0000000086500000, 0x0000000086500000, 0x0000000086600000|  0%| F|  |TS  0|AC  0|TAMS 0x0000000086500000, 0x0000000086500000|
|  90|0x0000000086600000, 0x0000000086600000, 0x0000000086700000|  0%| F|  |TS  0|AC  0|TAMS 0x0000000086600000, 0x0000000086600000|
|  91|0x0000000086700000, 0x0000000086700000, 0x0000000086800000|  0%| F|  |TS  0|AC  0|TAMS 0x0000000086700000, 0x0000000086700000|
|  92|0x0000000086800000, 0x0000000086800000, 0x0000000086900000|  0%| F|  |TS  0|AC  0|TAMS 0x0000000086800000, 0x0000000086800000|
|  93|0x0000000086900000, 0x0000000086900000, 0x0000000086a00000|  0%| F|  |TS  0|AC  0|TAMS 0x0000000086900000, 0x0000000086900000|
|  94|0x0000000086a00000, 0x0000000086a00000, 0x0000000086b00000|  0%| F|  |TS  0|AC  0|TAMS 0x0000000086a00000, 0x0000000086a00000|
|  95|0x0000000086b00000, 0x0000000086b00000, 0x0000000086c00000|  0%| F|  |TS  0|AC  0|TAMS 0x0000000086b00000, 0x0000000086b00000|
|  96|0x0000000086c00000, 0x0000000086c00000, 0x0000000086d00000|  0%| F|  |TS  0|AC  0|TAMS 0x0000000086c00000, 0x0000000086c00000|
|  97|0x0000000086d00000, 0x0000000086d00000, 0x0000000086e00000|  0%| F|  |TS  0|AC  0|TAMS 0x0000000086d00000, 0x0000000086d00000|
|  98|0x0000000086e00000, 0x0000000086e00000, 0x0000000086f00000|  0%| F|  |TS  0|AC  0|TAMS 0x0000000086e00000, 0x0000000086e00000|
|  99|0x0000000086f00000, 0x0000000086f00000, 0x0000000087000000|  0%| F|  |TS  0|AC  0|TAMS 0x0000000086f00000, 0x0000000086f00000|
| 100|0x0000000087000000, 0x0000000087000000, 0x0000000087100000|  0%| F|  |TS  0|AC  0|TAMS 0x0000000087000000, 0x0000000087000000|
| 101|0x0000000087100000, 0x0000000087100000, 0x0000000087200000|  0%| F|  |TS  0|AC  0|TAMS 0x0000000087100000, 0x0000000087100000|
| 102|0x0000000087200000, 0x0000000087200000, 0x0000000087300000|  0%| F|  |TS  0|AC  0|TAMS 0x0000000087200000, 0x0000000087200000|
| 103|0x0000000087300000, 0x0000000087300000, 0x0000000087400000|  0%| F|  |TS  0|AC  0|TAMS 0x0000000087300000, 0x0000000087300000|
| 104|0x0000000087400000, 0x0000000087400000, 0x0000000087500000|  0%| F|  |TS  0|AC  0|TAMS 0x0000000087400000, 0x0000000087400000|
| 105|0x0000000087500000, 0x0000000087500000, 0x0000000087600000|  0%| F|  |TS  0|AC  0|TAMS 0x0000000087500000, 0x0000000087500000|
| 106|0x0000000087600000, 0x0000000087600000, 0x0000000087700000|  0%| F|  |TS  0|AC  0|TAMS 0x0000000087600000, 0x0000000087600000|
| 107|0x0000000087700000, 0x0000000087700000, 0x0000000087800000|  0%| F|  |TS  0|AC  0|TAMS 0x0000000087700000, 0x0000000087700000|
| 108|0x0000000087800000, 0x0000000087800000, 0x0000000087900000|  0%| F|  |TS  0|AC  0|TAMS 0x0000000087800000, 0x0000000087800000|
| 109|0x0000000087900000, 0x0000000087900000, 0x0000000087a00000|  0%| F|  |TS  0|AC  0|TAMS 0x0000000087900000, 0x0000000087900000|
| 110|0x0000000087a00000, 0x0000000087a00000, 0x0000000087b00000|  0%| F|  |TS  0|AC  0|TAMS 0x0000000087a00000, 0x0000000087a00000|
| 111|0x0000000087b00000, 0x0000000087b00000, 0x0000000087c00000|  0%| F|  |TS  0|AC  0|TAMS 0x0000000087b00000, 0x0000000087b00000|
| 112|0x0000000087c00000, 0x0000000087c00000, 0x0000000087d00000|  0%| F|  |TS  0|AC  0|TAMS 0x0000000087c00000, 0x0000000087c00000|
| 113|0x0000000087d00000, 0x0000000087d00000, 0x0000000087e00000|  0%| F|  |TS  0|AC  0|TAMS 0x0000000087d00000, 0x0000000087d00000|
| 114|0x0000000087e00000, 0x0000000087e00000, 0x0000000087f00000|  0%| F|  |TS  0|AC  0|TAMS 0x0000000087e00000, 0x0000000087e00000|
| 115|0x0000000087f00000, 0x0000000087f00000, 0x0000000088000000|  0%| F|  |TS  0|AC  0|TAMS 0x0000000087f00000, 0x0000000087f00000|
| 116|0x0000000088000000, 0x0000000088000000, 0x0000000088100000|  0%| F|  |TS  0|AC  0|TAMS 0x0000000088000000, 0x0000000088000000|
| 117|0x0000000088100000, 0x0000000088100000, 0x0000000088200000|  0%| F|  |TS  0|AC  0|TAMS 0x0000000088100000, 0x0000000088100000|
| 118|0x0000000088200000, 0x0000000088271270, 0x0000000088300000| 44%| E|  |TS  0|AC  0|TAMS 0x0000000088200000, 0x0000000088200000|
| 119|0x0000000088300000, 0x0000000088400000, 0x0000000088400000|100%| E|CS|TS  0|AC  0|TAMS 0x0000000088300000, 0x0000000088300000|
| 120|0x0000000088400000, 0x0000000088500000, 0x0000000088500000|100%| E|CS|TS  0|AC  0|TAMS 0x0000000088400000, 0x0000000088400000|
| 121|0x0000000088500000, 0x0000000088600000, 0x0000000088600000|100%| E|CS|TS  0|AC  0|TAMS 0x0000000088500000, 0x0000000088500000|
| 122|0x0000000088600000, 0x0000000088700000, 0x0000000088700000|100%| E|CS|TS  0|AC  0|TAMS 0x0000000088600000, 0x0000000088600000|
| 123|0x0000000088700000, 0x0000000088800000, 0x0000000088800000|100%| E|CS|TS  0|AC  0|TAMS 0x0000000088700000, 0x0000000088700000|
| 124|0x0000000088800000, 0x0000000088900000, 0x0000000088900000|100%| E|CS|TS  0|AC  0|TAMS 0x0000000088800000, 0x0000000088800000|
| 125|0x0000000088900000, 0x0000000088a00000, 0x0000000088a00000|100%| E|CS|TS  0|AC  0|TAMS 0x0000000088900000, 0x0000000088900000|
| 126|0x0000000088a00000, 0x0000000088b00000, 0x0000000088b00000|100%| E|CS|TS  0|AC  0|TAMS 0x0000000088a00000, 0x0000000088a00000|
| 127|0x0000000088b00000, 0x0000000088c00000, 0x0000000088c00000|100%| E|CS|TS  0|AC  0|TAMS 0x0000000088b00000, 0x0000000088b00000|

Card table byte_map: [0x000002476f4b0000,0x000002476f8b0000] byte_map_base: 0x000002476f0aa000

Marking Bits (Prev, Next): (CMBitMap*) 0x00000247535c2670, (CMBitMap*) 0x00000247535c26a8
 Prev Bits: [0x000002476fcb0000, 0x0000024771c80000)
 Next Bits: [0x0000024771c80000, 0x0000024773c50000)

Polling page: 0x0000024751320000

CodeHeap 'non-profiled nmethods': size=120064Kb used=177Kb max_used=177Kb free=119886Kb
 bounds [0x0000024767020000, 0x0000024767290000, 0x000002476e560000]
CodeHeap 'profiled nmethods': size=120000Kb used=934Kb max_used=934Kb free=119066Kb
 bounds [0x000002475faf0000, 0x000002475fd60000, 0x0000024767020000]
CodeHeap 'non-nmethods': size=5696Kb used=1224Kb max_used=1236Kb free=4471Kb
 bounds [0x000002475f560000, 0x000002475f7d0000, 0x000002475faf0000]
 total_blobs=1094 nmethods=576 adapters=297
 compilation: enabled

Compilation events (10 events):
Event: 0.895 Thread 0x0000024776da2000 nmethod 574 0x000002475fbd8610 code [0x000002475fbd87c0, 0x000002475fbd89d8]
Event: 0.895 Thread 0x0000024776da2000  567       3       java.util.jar.JarFile::getJarEntry (9 bytes)
Event: 0.895 Thread 0x0000024776da2000 nmethod 567 0x000002475fbd8a90 code [0x000002475fbd8c60, 0x000002475fbd8f50]
Event: 0.895 Thread 0x0000024776da2000  568       1       java.security.CodeSource::getLocationNoFragString (5 bytes)
Event: 0.895 Thread 0x0000024776da2000 nmethod 568 0x000002476704bd90 code [0x000002476704bf40, 0x000002476704c058]
Event: 0.897 Thread 0x0000024776da2000  575       3       java.net.URL::<init> (8 bytes)
Event: 0.897 Thread 0x0000024776da2000 nmethod 575 0x000002475fbd9010 code [0x000002475fbd91c0, 0x000002475fbd9350]
Event: 0.898 Thread 0x0000024776d8f000 nmethod 573 0x000002476704c110 code [0x000002476704c2a0, 0x000002476704c3d8]
Event: 0.901 Thread 0x0000024776da2000  576       3       java.lang.StringBuilder::<init> (6 bytes)
Event: 0.901 Thread 0x0000024776da2000 nmethod 576 0x000002475fbd9410 code [0x000002475fbd95c0, 0x000002475fbd9750]

GC Heap History (0 events):
No events

Deoptimization events (3 events):
Event: 0.277 Thread 0x0000024753514800 Uncommon trap: reason=range_check action=reinterpret pc=0x00000247670255d4 method=java.lang.StringLatin1.indexOf([BII)I @ 13 c2
Event: 0.484 Thread 0x0000024753514800 Uncommon trap: reason=unstable_if action=reinterpret pc=0x0000024767023718 method=java.lang.String.charAt(I)C @ 4 c2
Event: 0.594 Thread 0x0000024753514800 Uncommon trap: reason=unstable_if action=reinterpret pc=0x000002476703fd58 method=sun.nio.fs.WindowsPathParser.isSlash(C)Z @ 9 c2

Classes redefined (0 events):
No events

Internal exceptions (10 events):
Event: 0.517 Thread 0x0000024753514800 Exception <a 'java/lang/NoSuchMethodError'{0x00000000886658f0}: java.lang.invoke.DirectMethodHandle$Holder.invokeStatic(Ljava/lang/Object;Ljava/lang/Object;)I> (0x00000000886658f0) thrown at [t:/workspace/hotspot/src/share/vm/interpreter/linkResolver.cpp,
Event: 0.535 Thread 0x0000024753514800 Exception <a 'java/lang/NoSuchMethodError'{0x00000000886c3bc8}: method resolution failed> (0x00000000886c3bc8) thrown at [t:/workspace/hotspot/src/share/vm/prims/methodHandles.cpp, line 1256]
Event: 0.536 Thread 0x0000024753514800 Exception <a 'java/lang/NoSuchMethodError'{0x00000000886c7880}: method resolution failed> (0x00000000886c7880) thrown at [t:/workspace/hotspot/src/share/vm/prims/methodHandles.cpp, line 1256]
Event: 0.536 Thread 0x0000024753514800 Exception <a 'java/lang/NoSuchMethodError'{0x00000000886cad80}: java.lang.invoke.DelegatingMethodHandle$Holder.delegate(Ljava/lang/Object;Ljava/lang/Object;ILjava/lang/Object;)V> (0x00000000886cad80) thrown at [t:/workspace/hotspot/src/share/vm/interprete
Event: 0.537 Thread 0x0000024753514800 Exception <a 'java/lang/NoSuchMethodError'{0x00000000886ce928}: java.lang.invoke.DirectMethodHandle$Holder.invokeSpecial(Ljava/lang/Object;Ljava/lang/Object;Ljava/lang/Object;)I> (0x00000000886ce928) thrown at [t:/workspace/hotspot/src/share/vm/interprete
Event: 0.541 Thread 0x0000024753514800 Exception <a 'java/lang/NoSuchMethodError'{0x00000000886d5ef0}: java.lang.invoke.DirectMethodHandle$Holder.invokeStaticInit(Ljava/lang/Object;Ljava/lang/Object;Ljava/lang/Object;)Ljava/lang/Object;> (0x00000000886d5ef0) thrown at [t:/workspace/hotspot/src
Event: 0.571 Thread 0x0000024753514800 Exception <a 'java/lang/NoSuchMethodError'{0x0000000088571218}: java.lang.Object.lambda$static$0(Ljava/lang/String;)Ljava/lang/Boolean;> (0x0000000088571218) thrown at [t:/workspace/hotspot/src/share/vm/interpreter/linkResolver.cpp, line 731]
Event: 0.573 Thread 0x0000024753514800 Exception <a 'java/lang/NoSuchMethodError'{0x000000008857b738}: java.lang.Object.lambda$union$2(Ljava/util/regex/Pattern$CharPredicate;I)Z> (0x000000008857b738) thrown at [t:/workspace/hotspot/src/share/vm/interpreter/linkResolver.cpp, line 731]
Event: 0.871 Thread 0x0000024753514800 Exception <a 'sun/nio/fs/WindowsException'{0x0000000088370508}> (0x0000000088370508) thrown at [t:/workspace/hotspot/src/share/vm/prims/jni.cpp, line 604]
Event: 0.872 Thread 0x0000024753514800 Exception <a 'sun/nio/fs/WindowsException'{0x0000000088372a80}> (0x0000000088372a80) thrown at [t:/workspace/hotspot/src/share/vm/prims/jni.cpp, line 604]

Events (10 events):
Event: 0.894 loading class org/lwjgl/system/jni/JNINativeInterface
Event: 0.894 loading class org/lwjgl/system/jni/JNINativeInterface done
Event: 0.897 loading class org/lwjgl/system/windows/WinBase
Event: 0.897 loading class org/lwjgl/system/windows/WinBase done
Event: 0.899 loading class org/lwjgl/opengl/GL$1
Event: 0.899 loading class org/lwjgl/opengl/GL$1 done
Event: 0.900 loading class org/lwjgl/opengl/GL$SharedLibraryGL
Event: 0.900 loading class org/lwjgl/opengl/GL$SharedLibraryGL done
Event: 0.900 loading class org/lwjgl/system/SharedLibrary$Delegate
Event: 0.900 loading class org/lwjgl/system/SharedLibrary$Delegate done


Dynamic libraries:
0x00007ff736a50000 - 0x00007ff736a8e000 	C:\Program Files\Java\jdk-9.0.4\bin\java.exe
0x00007fffc1890000 - 0x00007fffc1a70000 	C:\WINDOWS\SYSTEM32\ntdll.dll
0x00007fffc17b0000 - 0x00007fffc185e000 	C:\WINDOWS\System32\KERNEL32.DLL
0x00007fffbdc90000 - 0x00007fffbdef6000 	C:\WINDOWS\System32\KERNELBASE.dll
0x00007fffbfe50000 - 0x00007fffbfef1000 	C:\WINDOWS\System32\ADVAPI32.dll
0x00007fffbf2a0000 - 0x00007fffbf33d000 	C:\WINDOWS\System32\msvcrt.dll
0x00007fffbf240000 - 0x00007fffbf29b000 	C:\WINDOWS\System32\sechost.dll
0x00007fffbf5c0000 - 0x00007fffbf6df000 	C:\WINDOWS\System32\RPCRT4.dll
0x00007fffbed60000 - 0x00007fffbeeef000 	C:\WINDOWS\System32\USER32.dll
0x00007fffbe650000 - 0x00007fffbe670000 	C:\WINDOWS\System32\win32u.dll
0x00007fffbf340000 - 0x00007fffbf368000 	C:\WINDOWS\System32\GDI32.dll
0x00007fffbe850000 - 0x00007fffbe9e3000 	C:\WINDOWS\System32\gdi32full.dll
0x00007fffbecc0000 - 0x00007fffbed5b000 	C:\WINDOWS\System32\msvcp_win.dll
0x00007fffbe9f0000 - 0x00007fffbeae6000 	C:\WINDOWS\System32\ucrtbase.dll
0x00007fffb4fb0000 - 0x00007fffb5219000 	C:\WINDOWS\WinSxS\amd64_microsoft.windows.common-controls_6595b64144ccf1df_6.0.16299.309_none_15cfd4c4935e6b11\COMCTL32.dll
0x00007fffb9850000 - 0x00007fffb985a000 	C:\WINDOWS\SYSTEM32\VERSION.dll
0x00007fffbff10000 - 0x00007fffc0218000 	C:\WINDOWS\System32\combase.dll
0x00007fffbe670000 - 0x00007fffbe6e2000 	C:\WINDOWS\System32\bcryptPrimitives.dll
0x00007fffbf590000 - 0x00007fffbf5bd000 	C:\WINDOWS\System32\IMM32.DLL
0x00007fff9c0c0000 - 0x00007fff9c1af000 	C:\Program Files\Java\jdk-9.0.4\bin\msvcr120.dll
0x00007fff9c010000 - 0x00007fff9c0b6000 	C:\Program Files\Java\jdk-9.0.4\bin\msvcp120.dll
0x000000006b560000 - 0x000000006bf85000 	C:\Program Files\Java\jdk-9.0.4\bin\server\jvm.dll
0x00007fffbf3e0000 - 0x00007fffbf3e8000 	C:\WINDOWS\System32\PSAPI.DLL
0x00007fffbbbf0000 - 0x00007fffbbbf9000 	C:\WINDOWS\SYSTEM32\WSOCK32.dll
0x00007fffbba40000 - 0x00007fffbba63000 	C:\WINDOWS\SYSTEM32\WINMM.dll
0x00007fffbf370000 - 0x00007fffbf3dc000 	C:\WINDOWS\System32\WS2_32.dll
0x00007fffbb450000 - 0x00007fffbb47a000 	C:\WINDOWS\SYSTEM32\winmmbase.dll
0x00007fffbe800000 - 0x00007fffbe84a000 	C:\WINDOWS\System32\cfgmgr32.dll
0x00007fffba8a0000 - 0x00007fffba8af000 	C:\Program Files\Java\jdk-9.0.4\bin\verify.dll
0x00007fff9e0f0000 - 0x00007fff9e117000 	C:\Program Files\Java\jdk-9.0.4\bin\java.dll
0x00007fff9bcc0000 - 0x00007fff9bcea000 	C:\Program Files\Java\jdk-9.0.4\bin\instrument.dll
0x00007fffa9900000 - 0x00007fffa9916000 	C:\Program Files\Java\jdk-9.0.4\bin\zip.dll
0x00007fffb0f20000 - 0x00007fffb0f2a000 	C:\Program Files\Java\jdk-9.0.4\bin\jimage.dll
0x00007fffc0220000 - 0x00007fffc1656000 	C:\WINDOWS\System32\SHELL32.dll
0x00007fffbf8b0000 - 0x00007fffbf956000 	C:\WINDOWS\System32\shcore.dll
0x00007fffbdf00000 - 0x00007fffbe647000 	C:\WINDOWS\System32\windows.storage.dll
0x00007fffbf850000 - 0x00007fffbf8a1000 	C:\WINDOWS\System32\shlwapi.dll
0x00007fffbdc30000 - 0x00007fffbdc41000 	C:\WINDOWS\System32\kernel.appcore.dll
0x00007fffbdbe0000 - 0x00007fffbdc2c000 	C:\WINDOWS\System32\powrprof.dll
0x00007fffbdc50000 - 0x00007fffbdc6b000 	C:\WINDOWS\System32\profapi.dll
0x00007fffa9730000 - 0x00007fffa974a000 	C:\Program Files\Java\jdk-9.0.4\bin\net.dll
0x00007fffb66e0000 - 0x00007fffb67be000 	C:\WINDOWS\SYSTEM32\WINHTTP.dll
0x00007fffbd470000 - 0x00007fffbd4d6000 	C:\WINDOWS\system32\mswsock.dll
0x00007fffa5a10000 - 0x00007fffa5a21000 	C:\Program Files\Java\jdk-9.0.4\bin\nio.dll
0x00007fffa5620000 - 0x00007fffa563a000 	C:\Program Files\JetBrains\IntelliJ IDEA Community Edition 2017.3\bin\breakgen64.dll
0x00007fff983a0000 - 0x00007fff983fb000 	C:\Users\gep\AppData\Local\Temp\lwjglgep\3.1.6-build-14\lwjgl.dll
0x00007fff97f40000 - 0x00007fff97f9f000 	C:\Users\gep\AppData\Local\Temp\lwjglgep\3.1.6-build-14\lwjgl_opengl.dll
0x00007fff9dc90000 - 0x00007fff9ddae000 	C:\WINDOWS\SYSTEM32\opengl32.dll
0x00007fffae500000 - 0x00007fffae52c000 	C:\WINDOWS\SYSTEM32\GLU32.dll
0x00007fffad460000 - 0x00007fffad628000 	C:\WINDOWS\SYSTEM32\dbghelp.dll

VM Arguments:
jvm_args: -javaagent:C:\Program Files\JetBrains\IntelliJ IDEA Community Edition 2017.3\lib\idea_rt.jar=55272:C:\Program Files\JetBrains\IntelliJ IDEA Community Edition 2017.3\bin -Dfile.encoding=UTF-8 
java_command: Game.MainGameLoop
java_class_path (initial): C:\Users\gep\Documents\Grafika\_2Dapi\game\target\classes;C:\Users\gep\Documents\Grafika\_2Dapi\init\target\classes;C:\Users\gep\Documents\Grafika\_2Dapi\calculate\target\classes;C:\Users\gep\.m2\repository\org\lwjgl\lwjgl\3.1.6\lwjgl-3.1.6.jar;C:\Users\gep\.m2\repository\org\lwjgl\lwjgl-assimp\3.1.6\lwjgl-assimp-3.1.6.jar;C:\Users\gep\.m2\repository\org\lwjgl\lwjgl-bgfx\3.1.6\lwjgl-bgfx-3.1.6.jar;C:\Users\gep\.m2\repository\org\lwjgl\lwjgl-glfw\3.1.6\lwjgl-glfw-3.1.6.jar;C:\Users\gep\.m2\repository\org\lwjgl\lwjgl-nanovg\3.1.6\lwjgl-nanovg-3.1.6.jar;C:\Users\gep\.m2\repository\org\lwjgl\lwjgl-nuklear\3.1.6\lwjgl-nuklear-3.1.6.jar;C:\Users\gep\.m2\repository\org\lwjgl\lwjgl-openal\3.1.6\lwjgl-openal-3.1.6.jar;C:\Users\gep\.m2\repository\org\lwjgl\lwjgl-opengl\3.1.6\lwjgl-opengl-3.1.6.jar;C:\Users\gep\.m2\repository\org\lwjgl\lwjgl-par\3.1.6\lwjgl-par-3.1.6.jar;C:\Users\gep\.m2\repository\org\lwjgl\lwjgl-stb\3.1.6\lwjgl-stb-3.1.6.jar;C:\Users\gep\.m2\repository\org\lwjgl\lwjgl-vulkan\3.1.6\lwjgl-vulkan-3.1.6.jar;C:\Users\gep\.m2\repository\org\lwjgl\lwjgl\3.1.6\lwjgl-3.1.6-natives-windows.jar;C:\Users\gep\.m2\repository\org\lwjgl\lwjgl-assimp\3.1.6\lwjgl-assimp-3.1.6-natives-windows.jar;C:\Users\gep\.m2\repository\org\lwjgl\lwjgl-bgfx\3.1.6\lwjgl-bgfx-3.1.6-natives-windows.jar;C:\Users\gep\.m2\repository\org\lwjgl\lwjgl-glfw\3.1.6\lwjgl-glfw-3.1.6-natives-windows.jar;C:\Users\gep\.m2\repository\org\lwjgl\lwjgl-nanovg\3.1.6\lwjgl-nanovg-3.1.6-natives-windows.jar;C:\Users\gep\.m2\repository\org\lwjgl\lwjgl-nuklear\3.1.6\lwjgl-nuklear-3.1.6-natives-windows.jar;C:\Users\gep\.m2\repository\org\lwjgl\lwjgl-openal\3.1.6\lwjgl-openal-3.1.6-natives-windows.jar;C:\Users\gep\.m2\repository\org\lwjgl\lwjgl-opengl\3.1.6\lwjgl-opengl-3.1.6-natives-windows.jar;C:\Users\gep\.m2\repository\org\lwjgl\lwjgl-par\3.1.6\lwjgl-par-3.1.6-natives-windows.jar;C:\Users\gep\.m2\repository\org\lwjgl\lwjgl-stb\3.1.6\lwjgl-stb-3.1.6-natives-windows.jar
Launcher Type: SUN_STANDARD

Logging:
Log output configuration:
#0: stdout all=warning uptime,level,tags
#1: stderr all=off uptime,level,tags

Environment Variables:
PATH=C:\ProgramData\Oracle\Java\javapath;C:\WINDOWS\system32;C:\WINDOWS;C:\WINDOWS\System32\Wbem;C:\WINDOWS\System32\WindowsPowerShell\v1.0\;C:\Program Files (x86)\ATI Technologies\ATI.ACE\Core-Static;C:\Program Files (x86)\AMD\ATI.ACE\Core-Static;C:\TDM-GCC-64\bin;C:\Program Files\nodejs\;C:\Program Files (x86)\NVIDIA Corporation\PhysX\Common;C:\Users\gep\AppData\Local\Microsoft\WindowsApps;C:\Users\gep\AppData\Roaming\npm
USERNAME=gep
OS=Windows_NT
PROCESSOR_IDENTIFIER=AMD64 Family 21 Model 2 Stepping 0, AuthenticAMD



---------------  S Y S T E M  ---------------

OS: Windows 10 , 64 bit Build 16299 (10.0.16299.15)

CPU:total 6 (initial active 6) (6 cores per cpu, 1 threads per core) family 21 model 2 stepping 0, cmov, cx8, fxsr, mmx, sse, sse2, sse3, ssse3, sse4.1, sse4.2, popcnt, avx, aes, clmul, mmxext, 3dnowpref, lzcnt, sse4a, tsc, tscinvbit, tscinv, bmi1

Memory: 4k page, physical 8336876k(3143356k free), swap 12974472k(5214280k free)

vm_info: Java HotSpot(TM) 64-Bit Server VM (9.0.4+11) for windows-amd64 JRE (9.0.4+11), built on Dec 20 2017 02:18:54 by "mach5one" with MS VC++ 12.0 (VS2013)

END.
