#
# A fatal error has been detected by the Java Runtime Environment:
#
#  EXCEPTION_ACCESS_VIOLATION (0xc0000005) at pc=0x00007ffb61fd2957, pid=3320, tid=7908
#
# JRE version: Java(TM) SE Runtime Environment (9.0+181) (build 9+181)
# Java VM: Java HotSpot(TM) 64-Bit Server VM (9+181, mixed mode, tiered, compressed oops, g1 gc, windows-amd64)
# Problematic frame:
# C  [lwjgl_opengl.dll+0x12957]
#
# No core dump will be written. Minidumps are not enabled by default on client versions of Windows
#
# If you would like to submit a bug report, please visit:
#   http://bugreport.java.com/bugreport/crash.jsp
# The crash happened outside the Java Virtual Machine in native code.
# See problematic frame for where to report the bug.
#

---------------  S U M M A R Y ------------

Command Line: -javaagent:C:\Program Files\JetBrains\IntelliJ IDEA 2017.2.5\lib\idea_rt.jar=59165:C:\Program Files\JetBrains\IntelliJ IDEA 2017.2.5\bin -Dfile.encoding=UTF-8 Game.MainGameLoop

Host: Intel(R) Core(TM) i3-3220 CPU @ 3.30GHz, 4 cores, 7G,  Windows 10 , 64 bit Build 16299 (10.0.16299.15)
Time: Wed Mar 21 20:47:45 2018 Közép-európai téli ido  elapsed time: 0 seconds (0d 0h 0m 0s)

---------------  T H R E A D  ---------------

Current thread (0x000001b5069d4800):  JavaThread "main" [_thread_in_native, id=7908, stack(0x0000005318900000,0x0000005318a00000)]

Stack: [0x0000005318900000,0x0000005318a00000],  sp=0x00000053189ff048,  free space=1020k
Native frames: (J=compiled Java code, j=interpreted, Vv=VM code, C=native code)
C  [lwjgl_opengl.dll+0x12957]

Java frames: (J=compiled Java code, j=interpreted, Vv=VM code)
j  org.lwjgl.opengl.GL20.glCreateShader(I)I+0
j  core.coreTypes.ShaderProgram.loadShader(Ljava/lang/String;I)I+66
j  core.coreTypes.ShaderProgram.<init>(Ljava/lang/String;Ljava/lang/String;)V+8
j  core.ShaderOpenGL.<init>()V+5
j  Game.MainGameLoop.main([Ljava/lang/String;)V+23
v  ~StubRoutines::call_stub

siginfo: EXCEPTION_ACCESS_VIOLATION (0xc0000005), reading address 0x00000000000008a8


Register to memory mapping:

RIP=0x00007ffb61fd2957 lwjgl_opengl.dll
RAX=0x0000000064764220 jvm.dll
RBX={method} {0x000001b5299ed508} 'glCreateShader' '(I)I' in 'org/lwjgl/opengl/GL20'
RCX=0x0000000000000000 is an unknown value
RDX=0x00000053189ff0d8 is pointing into the stack for thread: 0x000001b5069d4800
RSP=0x00000053189ff048 is pointing into the stack for thread: 0x000001b5069d4800
RBP=0x00000053189ff0c8 is pointing into the stack for thread: 0x000001b5069d4800
RSI=0x0000000000200020 is an unknown value
RDI=0x000001b512adb603 is at code_begin+2307 in an Interpreter codelet
invoke return entry points  [0x000001b512adad00, 0x000001b512adb6e0]  2528 bytes
R8 =0x0000000000008b31 is an unknown value
R9 =0x000001b5069c55b0 is an unknown value
R10=0x000001b512ae9170 is at code_begin+976 in an Interpreter codelet
method entry point (kind = native)  [0x000001b512ae8da0, 0x000001b512ae9900]  2912 bytes
R11=0x0000000088491938 is an oop
java.lang.Class 
{0x0000000088491938} - klass: 'java/lang/Class'
R12=0x0000000000000000 is an unknown value
R13=0x000001b5299ed4f0 is pointing into metadata
R14=0x00000053189ff0e8 is pointing into the stack for thread: 0x000001b5069d4800
R15=0x000001b5069d4800 is a thread


Registers:
RAX=0x0000000064764220, RBX=0x000001b5299ed500, RCX=0x0000000000000000, RDX=0x00000053189ff0d8
RSP=0x00000053189ff048, RBP=0x00000053189ff0c8, RSI=0x0000000000200020, RDI=0x000001b512adb603
R8 =0x0000000000008b31, R9 =0x000001b5069c55b0, R10=0x000001b512ae9170, R11=0x0000000088491938
R12=0x0000000000000000, R13=0x000001b5299ed4f0, R14=0x00000053189ff0e8, R15=0x000001b5069d4800
RIP=0x00007ffb61fd2957, EFLAGS=0x0000000000010202

Top of Stack: (sp=0x00000053189ff048)
0x00000053189ff048:   000001b512ae919c 000001b5069d4800
0x00000053189ff058:   000001b5299ed500 0000000000200020
0x00000053189ff068:   0000000000000000 000001b512adb603
0x00000053189ff078:   000001b512ae8e53 00000053189ff080
0x00000053189ff088:   000001b5299ed4f0 00000053189ff0e8
0x00000053189ff098:   000001b529a004c0 0000000000000000
0x00000053189ff0a8:   0000000088491938 000001b5299ed500
0x00000053189ff0b8:   0000000000000000 00000053189ff0e8
0x00000053189ff0c8:   00000053189ff138 000001b512adb040
0x00000053189ff0d8:   0000000088491938 000001b512ae6116
0x00000053189ff0e8:   0000000000008b31 00000053189ff0f0
0x00000053189ff0f8:   000001b5299e980a 00000053189ff168
0x00000053189ff108:   000001b5299e9938 0000000000000000
0x00000053189ff118:   000000008847b498 000001b5299e98b8
0x00000053189ff128:   00000053189ff0e8 00000053189ff160
0x00000053189ff138:   00000053189ff1c0 000001b512adb040 

Instructions: (pc=0x00007ffb61fd2957)
0x00007ffb61fd2937:   48 8b 81 f0 1b 00 00 41 8b c8 48 ff e0 cc cc cc
0x00007ffb61fd2947:   cc cc cc cc cc cc cc cc cc 48 8b 01 48 8b 48 18
0x00007ffb61fd2957:   48 8b 81 a8 08 00 00 41 8b c8 48 ff e0 cc cc cc
0x00007ffb61fd2967:   cc cc cc cc cc cc cc cc cc 48 8b 01 41 8b c8 48 



---------------  P R O C E S S  ---------------

Java Threads: ( => current thread )
  0x000001b52a26b800 JavaThread "Service Thread" daemon [_thread_blocked, id=12540, stack(0x000000531a000000,0x000000531a100000)]
  0x000001b52a26a800 JavaThread "Monitor Ctrl-Break" daemon [_thread_in_native, id=332, stack(0x0000005319f00000,0x000000531a000000)]
  0x000001b529f01800 JavaThread "Common-Cleaner" daemon [_thread_blocked, id=15860, stack(0x0000005319e00000,0x0000005319f00000)]
  0x000001b529e76800 JavaThread "Sweeper thread" daemon [_thread_blocked, id=13188, stack(0x0000005319d00000,0x0000005319e00000)]
  0x000001b529e75800 JavaThread "C1 CompilerThread2" daemon [_thread_blocked, id=10988, stack(0x0000005319c00000,0x0000005319d00000)]
  0x000001b529e5d800 JavaThread "C2 CompilerThread1" daemon [_thread_blocked, id=4468, stack(0x0000005319b00000,0x0000005319c00000)]
  0x000001b529e5b000 JavaThread "C2 CompilerThread0" daemon [_thread_blocked, id=15016, stack(0x0000005319a00000,0x0000005319b00000)]
  0x000001b529e59000 JavaThread "Attach Listener" daemon [_thread_blocked, id=9988, stack(0x0000005319900000,0x0000005319a00000)]
  0x000001b529e58800 JavaThread "Signal Dispatcher" daemon [_thread_blocked, id=9272, stack(0x0000005319800000,0x0000005319900000)]
  0x000001b529e0c000 JavaThread "Finalizer" daemon [_thread_blocked, id=12996, stack(0x0000005319700000,0x0000005319800000)]
  0x000001b529dfa800 JavaThread "Reference Handler" daemon [_thread_blocked, id=9680, stack(0x0000005319600000,0x0000005319700000)]
=>0x000001b5069d4800 JavaThread "main" [_thread_in_native, id=7908, stack(0x0000005318900000,0x0000005318a00000)]

Other Threads:
  0x000001b529df6000 VMThread "VM Thread" [stack: 0x0000005319500000,0x0000005319600000] [id=3784]
  0x000001b52a278000 WatcherThread [stack: 0x000000531a100000,0x000000531a200000] [id=7820]
  0x000001b5069ec000 GCTaskThread "GC Thread#0" [stack: 0x0000005318a00000,0x0000005318b00000] [id=2196]
  0x000001b5069ed800 GCTaskThread "GC Thread#1" [stack: 0x0000005318b00000,0x0000005318c00000] [id=7928]
  0x000001b5069ef000 GCTaskThread "GC Thread#2" [stack: 0x0000005318c00000,0x0000005318d00000] [id=2784]
  0x000001b5069f2800 GCTaskThread "GC Thread#3" [stack: 0x0000005318d00000,0x0000005318e00000] [id=5380]
  0x000001b506a79800 ConcurrentGCThread "G1 Main Marker" [stack: 0x0000005319300000,0x0000005319400000] [id=3804]
  0x000001b506a7c000 ConcurrentGCThread "G1 Marker#0" [stack: 0x0000005319400000,0x0000005319500000] [id=12872]
  0x000001b506a08000 ConcurrentGCThread "G1 Refine#0" [stack: 0x0000005319100000,0x0000005319200000] [id=2276]
  0x000001b506a07800 ConcurrentGCThread "G1 Refine#1" [stack: 0x0000005319000000,0x0000005319100000] [id=15984]
  0x000001b506a01000 ConcurrentGCThread "G1 Refine#2" [stack: 0x0000005318f00000,0x0000005319000000] [id=13428]
  0x000001b5069f5000 ConcurrentGCThread "G1 Refine#3" [stack: 0x0000005318e00000,0x0000005318f00000] [id=8444]
  0x000001b506a09000 ConcurrentGCThread "G1 Young RemSet Sampling" [stack: 0x0000005319200000,0x0000005319300000] [id=10560]

Threads with active compile tasks:

VM state:not at safepoint (normal execution)

VM Mutex/Monitor currently owned by a thread: None

Heap address: 0x0000000080800000, size: 2040 MB, Compressed Oops mode: 32-bit
Narrow klass base: 0x0000000000000000, Narrow klass shift: 3
Compressed class space size: 1073741824 Address: 0x0000000100000000

Heap:
 garbage-first heap   total 131072K, used 8192K [0x0000000080800000, 0x0000000080900400, 0x0000000100000000)
  region size 1024K, 9 young (9216K), 0 survivors (0K)
 Metaspace       used 8474K, capacity 8680K, committed 8832K, reserved 1056768K
  class space    used 754K, capacity 799K, committed 896K, reserved 1048576K
Heap Regions: E=young(eden), S=young(survivor), O=old, HS=humongous(starts), HC=humongous(continues), CS=collection set, F=free, A=archive, TS=gc time stamp, AC=allocation context, TAMS=top-at-mark-start (previous, next)
|   0|0x0000000080800000, 0x0000000080800000, 0x0000000080900000|  0%| F|  |TS  0|AC  0|TAMS 0x0000000080800000, 0x0000000080800000|
|   1|0x0000000080900000, 0x0000000080900000, 0x0000000080a00000|  0%| F|  |TS  0|AC  0|TAMS 0x0000000080900000, 0x0000000080900000|
|   2|0x0000000080a00000, 0x0000000080a00000, 0x0000000080b00000|  0%| F|  |TS  0|AC  0|TAMS 0x0000000080a00000, 0x0000000080a00000|
|   3|0x0000000080b00000, 0x0000000080b00000, 0x0000000080c00000|  0%| F|  |TS  0|AC  0|TAMS 0x0000000080b00000, 0x0000000080b00000|
|   4|0x0000000080c00000, 0x0000000080c00000, 0x0000000080d00000|  0%| F|  |TS  0|AC  0|TAMS 0x0000000080c00000, 0x0000000080c00000|
|   5|0x0000000080d00000, 0x0000000080d00000, 0x0000000080e00000|  0%| F|  |TS  0|AC  0|TAMS 0x0000000080d00000, 0x0000000080d00000|
|   6|0x0000000080e00000, 0x0000000080e00000, 0x0000000080f00000|  0%| F|  |TS  0|AC  0|TAMS 0x0000000080e00000, 0x0000000080e00000|
|   7|0x0000000080f00000, 0x0000000080f00000, 0x0000000081000000|  0%| F|  |TS  0|AC  0|TAMS 0x0000000080f00000, 0x0000000080f00000|
|   8|0x0000000081000000, 0x0000000081000000, 0x0000000081100000|  0%| F|  |TS  0|AC  0|TAMS 0x0000000081000000, 0x0000000081000000|
|   9|0x0000000081100000, 0x0000000081100000, 0x0000000081200000|  0%| F|  |TS  0|AC  0|TAMS 0x0000000081100000, 0x0000000081100000|
|  10|0x0000000081200000, 0x0000000081200000, 0x0000000081300000|  0%| F|  |TS  0|AC  0|TAMS 0x0000000081200000, 0x0000000081200000|
|  11|0x0000000081300000, 0x0000000081300000, 0x0000000081400000|  0%| F|  |TS  0|AC  0|TAMS 0x0000000081300000, 0x0000000081300000|
|  12|0x0000000081400000, 0x0000000081400000, 0x0000000081500000|  0%| F|  |TS  0|AC  0|TAMS 0x0000000081400000, 0x0000000081400000|
|  13|0x0000000081500000, 0x0000000081500000, 0x0000000081600000|  0%| F|  |TS  0|AC  0|TAMS 0x0000000081500000, 0x0000000081500000|
|  14|0x0000000081600000, 0x0000000081600000, 0x0000000081700000|  0%| F|  |TS  0|AC  0|TAMS 0x0000000081600000, 0x0000000081600000|
|  15|0x0000000081700000, 0x0000000081700000, 0x0000000081800000|  0%| F|  |TS  0|AC  0|TAMS 0x0000000081700000, 0x0000000081700000|
|  16|0x0000000081800000, 0x0000000081800000, 0x0000000081900000|  0%| F|  |TS  0|AC  0|TAMS 0x0000000081800000, 0x0000000081800000|
|  17|0x0000000081900000, 0x0000000081900000, 0x0000000081a00000|  0%| F|  |TS  0|AC  0|TAMS 0x0000000081900000, 0x0000000081900000|
|  18|0x0000000081a00000, 0x0000000081a00000, 0x0000000081b00000|  0%| F|  |TS  0|AC  0|TAMS 0x0000000081a00000, 0x0000000081a00000|
|  19|0x0000000081b00000, 0x0000000081b00000, 0x0000000081c00000|  0%| F|  |TS  0|AC  0|TAMS 0x0000000081b00000, 0x0000000081b00000|
|  20|0x0000000081c00000, 0x0000000081c00000, 0x0000000081d00000|  0%| F|  |TS  0|AC  0|TAMS 0x0000000081c00000, 0x0000000081c00000|
|  21|0x0000000081d00000, 0x0000000081d00000, 0x0000000081e00000|  0%| F|  |TS  0|AC  0|TAMS 0x0000000081d00000, 0x0000000081d00000|
|  22|0x0000000081e00000, 0x0000000081e00000, 0x0000000081f00000|  0%| F|  |TS  0|AC  0|TAMS 0x0000000081e00000, 0x0000000081e00000|
|  23|0x0000000081f00000, 0x0000000081f00000, 0x0000000082000000|  0%| F|  |TS  0|AC  0|TAMS 0x0000000081f00000, 0x0000000081f00000|
|  24|0x0000000082000000, 0x0000000082000000, 0x0000000082100000|  0%| F|  |TS  0|AC  0|TAMS 0x0000000082000000, 0x0000000082000000|
|  25|0x0000000082100000, 0x0000000082100000, 0x0000000082200000|  0%| F|  |TS  0|AC  0|TAMS 0x0000000082100000, 0x0000000082100000|
|  26|0x0000000082200000, 0x0000000082200000, 0x0000000082300000|  0%| F|  |TS  0|AC  0|TAMS 0x0000000082200000, 0x0000000082200000|
|  27|0x0000000082300000, 0x0000000082300000, 0x0000000082400000|  0%| F|  |TS  0|AC  0|TAMS 0x0000000082300000, 0x0000000082300000|
|  28|0x0000000082400000, 0x0000000082400000, 0x0000000082500000|  0%| F|  |TS  0|AC  0|TAMS 0x0000000082400000, 0x0000000082400000|
|  29|0x0000000082500000, 0x0000000082500000, 0x0000000082600000|  0%| F|  |TS  0|AC  0|TAMS 0x0000000082500000, 0x0000000082500000|
|  30|0x0000000082600000, 0x0000000082600000, 0x0000000082700000|  0%| F|  |TS  0|AC  0|TAMS 0x0000000082600000, 0x0000000082600000|
|  31|0x0000000082700000, 0x0000000082700000, 0x0000000082800000|  0%| F|  |TS  0|AC  0|TAMS 0x0000000082700000, 0x0000000082700000|
|  32|0x0000000082800000, 0x0000000082800000, 0x0000000082900000|  0%| F|  |TS  0|AC  0|TAMS 0x0000000082800000, 0x0000000082800000|
|  33|0x0000000082900000, 0x0000000082900000, 0x0000000082a00000|  0%| F|  |TS  0|AC  0|TAMS 0x0000000082900000, 0x0000000082900000|
|  34|0x0000000082a00000, 0x0000000082a00000, 0x0000000082b00000|  0%| F|  |TS  0|AC  0|TAMS 0x0000000082a00000, 0x0000000082a00000|
|  35|0x0000000082b00000, 0x0000000082b00000, 0x0000000082c00000|  0%| F|  |TS  0|AC  0|TAMS 0x0000000082b00000, 0x0000000082b00000|
|  36|0x0000000082c00000, 0x0000000082c00000, 0x0000000082d00000|  0%| F|  |TS  0|AC  0|TAMS 0x0000000082c00000, 0x0000000082c00000|
|  37|0x0000000082d00000, 0x0000000082d00000, 0x0000000082e00000|  0%| F|  |TS  0|AC  0|TAMS 0x0000000082d00000, 0x0000000082d00000|
|  38|0x0000000082e00000, 0x0000000082e00000, 0x0000000082f00000|  0%| F|  |TS  0|AC  0|TAMS 0x0000000082e00000, 0x0000000082e00000|
|  39|0x0000000082f00000, 0x0000000082f00000, 0x0000000083000000|  0%| F|  |TS  0|AC  0|TAMS 0x0000000082f00000, 0x0000000082f00000|
|  40|0x0000000083000000, 0x0000000083000000, 0x0000000083100000|  0%| F|  |TS  0|AC  0|TAMS 0x0000000083000000, 0x0000000083000000|
|  41|0x0000000083100000, 0x0000000083100000, 0x0000000083200000|  0%| F|  |TS  0|AC  0|TAMS 0x0000000083100000, 0x0000000083100000|
|  42|0x0000000083200000, 0x0000000083200000, 0x0000000083300000|  0%| F|  |TS  0|AC  0|TAMS 0x0000000083200000, 0x0000000083200000|
|  43|0x0000000083300000, 0x0000000083300000, 0x0000000083400000|  0%| F|  |TS  0|AC  0|TAMS 0x0000000083300000, 0x0000000083300000|
|  44|0x0000000083400000, 0x0000000083400000, 0x0000000083500000|  0%| F|  |TS  0|AC  0|TAMS 0x0000000083400000, 0x0000000083400000|
|  45|0x0000000083500000, 0x0000000083500000, 0x0000000083600000|  0%| F|  |TS  0|AC  0|TAMS 0x0000000083500000, 0x0000000083500000|
|  46|0x0000000083600000, 0x0000000083600000, 0x0000000083700000|  0%| F|  |TS  0|AC  0|TAMS 0x0000000083600000, 0x0000000083600000|
|  47|0x0000000083700000, 0x0000000083700000, 0x0000000083800000|  0%| F|  |TS  0|AC  0|TAMS 0x0000000083700000, 0x0000000083700000|
|  48|0x0000000083800000, 0x0000000083800000, 0x0000000083900000|  0%| F|  |TS  0|AC  0|TAMS 0x0000000083800000, 0x0000000083800000|
|  49|0x0000000083900000, 0x0000000083900000, 0x0000000083a00000|  0%| F|  |TS  0|AC  0|TAMS 0x0000000083900000, 0x0000000083900000|
|  50|0x0000000083a00000, 0x0000000083a00000, 0x0000000083b00000|  0%| F|  |TS  0|AC  0|TAMS 0x0000000083a00000, 0x0000000083a00000|
|  51|0x0000000083b00000, 0x0000000083b00000, 0x0000000083c00000|  0%| F|  |TS  0|AC  0|TAMS 0x0000000083b00000, 0x0000000083b00000|
|  52|0x0000000083c00000, 0x0000000083c00000, 0x0000000083d00000|  0%| F|  |TS  0|AC  0|TAMS 0x0000000083c00000, 0x0000000083c00000|
|  53|0x0000000083d00000, 0x0000000083d00000, 0x0000000083e00000|  0%| F|  |TS  0|AC  0|TAMS 0x0000000083d00000, 0x0000000083d00000|
|  54|0x0000000083e00000, 0x0000000083e00000, 0x0000000083f00000|  0%| F|  |TS  0|AC  0|TAMS 0x0000000083e00000, 0x0000000083e00000|
|  55|0x0000000083f00000, 0x0000000083f00000, 0x0000000084000000|  0%| F|  |TS  0|AC  0|TAMS 0x0000000083f00000, 0x0000000083f00000|
|  56|0x0000000084000000, 0x0000000084000000, 0x0000000084100000|  0%| F|  |TS  0|AC  0|TAMS 0x0000000084000000, 0x0000000084000000|
|  57|0x0000000084100000, 0x0000000084100000, 0x0000000084200000|  0%| F|  |TS  0|AC  0|TAMS 0x0000000084100000, 0x0000000084100000|
|  58|0x0000000084200000, 0x0000000084200000, 0x0000000084300000|  0%| F|  |TS  0|AC  0|TAMS 0x0000000084200000, 0x0000000084200000|
|  59|0x0000000084300000, 0x0000000084300000, 0x0000000084400000|  0%| F|  |TS  0|AC  0|TAMS 0x0000000084300000, 0x0000000084300000|
|  60|0x0000000084400000, 0x0000000084400000, 0x0000000084500000|  0%| F|  |TS  0|AC  0|TAMS 0x0000000084400000, 0x0000000084400000|
|  61|0x0000000084500000, 0x0000000084500000, 0x0000000084600000|  0%| F|  |TS  0|AC  0|TAMS 0x0000000084500000, 0x0000000084500000|
|  62|0x0000000084600000, 0x0000000084600000, 0x0000000084700000|  0%| F|  |TS  0|AC  0|TAMS 0x0000000084600000, 0x0000000084600000|
|  63|0x0000000084700000, 0x0000000084700000, 0x0000000084800000|  0%| F|  |TS  0|AC  0|TAMS 0x0000000084700000, 0x0000000084700000|
|  64|0x0000000084800000, 0x0000000084800000, 0x0000000084900000|  0%| F|  |TS  0|AC  0|TAMS 0x0000000084800000, 0x0000000084800000|
|  65|0x0000000084900000, 0x0000000084900000, 0x0000000084a00000|  0%| F|  |TS  0|AC  0|TAMS 0x0000000084900000, 0x0000000084900000|
|  66|0x0000000084a00000, 0x0000000084a00000, 0x0000000084b00000|  0%| F|  |TS  0|AC  0|TAMS 0x0000000084a00000, 0x0000000084a00000|
|  67|0x0000000084b00000, 0x0000000084b00000, 0x0000000084c00000|  0%| F|  |TS  0|AC  0|TAMS 0x0000000084b00000, 0x0000000084b00000|
|  68|0x0000000084c00000, 0x0000000084c00000, 0x0000000084d00000|  0%| F|  |TS  0|AC  0|TAMS 0x0000000084c00000, 0x0000000084c00000|
|  69|0x0000000084d00000, 0x0000000084d00000, 0x0000000084e00000|  0%| F|  |TS  0|AC  0|TAMS 0x0000000084d00000, 0x0000000084d00000|
|  70|0x0000000084e00000, 0x0000000084e00000, 0x0000000084f00000|  0%| F|  |TS  0|AC  0|TAMS 0x0000000084e00000, 0x0000000084e00000|
|  71|0x0000000084f00000, 0x0000000084f00000, 0x0000000085000000|  0%| F|  |TS  0|AC  0|TAMS 0x0000000084f00000, 0x0000000084f00000|
|  72|0x0000000085000000, 0x0000000085000000, 0x0000000085100000|  0%| F|  |TS  0|AC  0|TAMS 0x0000000085000000, 0x0000000085000000|
|  73|0x0000000085100000, 0x0000000085100000, 0x0000000085200000|  0%| F|  |TS  0|AC  0|TAMS 0x0000000085100000, 0x0000000085100000|
|  74|0x0000000085200000, 0x0000000085200000, 0x0000000085300000|  0%| F|  |TS  0|AC  0|TAMS 0x0000000085200000, 0x0000000085200000|
|  75|0x0000000085300000, 0x0000000085300000, 0x0000000085400000|  0%| F|  |TS  0|AC  0|TAMS 0x0000000085300000, 0x0000000085300000|
|  76|0x0000000085400000, 0x0000000085400000, 0x0000000085500000|  0%| F|  |TS  0|AC  0|TAMS 0x0000000085400000, 0x0000000085400000|
|  77|0x0000000085500000, 0x0000000085500000, 0x0000000085600000|  0%| F|  |TS  0|AC  0|TAMS 0x0000000085500000, 0x0000000085500000|
|  78|0x0000000085600000, 0x0000000085600000, 0x0000000085700000|  0%| F|  |TS  0|AC  0|TAMS 0x0000000085600000, 0x0000000085600000|
|  79|0x0000000085700000, 0x0000000085700000, 0x0000000085800000|  0%| F|  |TS  0|AC  0|TAMS 0x0000000085700000, 0x0000000085700000|
|  80|0x0000000085800000, 0x0000000085800000, 0x0000000085900000|  0%| F|  |TS  0|AC  0|TAMS 0x0000000085800000, 0x0000000085800000|
|  81|0x0000000085900000, 0x0000000085900000, 0x0000000085a00000|  0%| F|  |TS  0|AC  0|TAMS 0x0000000085900000, 0x0000000085900000|
|  82|0x0000000085a00000, 0x0000000085a00000, 0x0000000085b00000|  0%| F|  |TS  0|AC  0|TAMS 0x0000000085a00000, 0x0000000085a00000|
|  83|0x0000000085b00000, 0x0000000085b00000, 0x0000000085c00000|  0%| F|  |TS  0|AC  0|TAMS 0x0000000085b00000, 0x0000000085b00000|
|  84|0x0000000085c00000, 0x0000000085c00000, 0x0000000085d00000|  0%| F|  |TS  0|AC  0|TAMS 0x0000000085c00000, 0x0000000085c00000|
|  85|0x0000000085d00000, 0x0000000085d00000, 0x0000000085e00000|  0%| F|  |TS  0|AC  0|TAMS 0x0000000085d00000, 0x0000000085d00000|
|  86|0x0000000085e00000, 0x0000000085e00000, 0x0000000085f00000|  0%| F|  |TS  0|AC  0|TAMS 0x0000000085e00000, 0x0000000085e00000|
|  87|0x0000000085f00000, 0x0000000085f00000, 0x0000000086000000|  0%| F|  |TS  0|AC  0|TAMS 0x0000000085f00000, 0x0000000085f00000|
|  88|0x0000000086000000, 0x0000000086000000, 0x0000000086100000|  0%| F|  |TS  0|AC  0|TAMS 0x0000000086000000, 0x0000000086000000|
|  89|0x0000000086100000, 0x0000000086100000, 0x0000000086200000|  0%| F|  |TS  0|AC  0|TAMS 0x0000000086100000, 0x0000000086100000|
|  90|0x0000000086200000, 0x0000000086200000, 0x0000000086300000|  0%| F|  |TS  0|AC  0|TAMS 0x0000000086200000, 0x0000000086200000|
|  91|0x0000000086300000, 0x0000000086300000, 0x0000000086400000|  0%| F|  |TS  0|AC  0|TAMS 0x0000000086300000, 0x0000000086300000|
|  92|0x0000000086400000, 0x0000000086400000, 0x0000000086500000|  0%| F|  |TS  0|AC  0|TAMS 0x0000000086400000, 0x0000000086400000|
|  93|0x0000000086500000, 0x0000000086500000, 0x0000000086600000|  0%| F|  |TS  0|AC  0|TAMS 0x0000000086500000, 0x0000000086500000|
|  94|0x0000000086600000, 0x0000000086600000, 0x0000000086700000|  0%| F|  |TS  0|AC  0|TAMS 0x0000000086600000, 0x0000000086600000|
|  95|0x0000000086700000, 0x0000000086700000, 0x0000000086800000|  0%| F|  |TS  0|AC  0|TAMS 0x0000000086700000, 0x0000000086700000|
|  96|0x0000000086800000, 0x0000000086800000, 0x0000000086900000|  0%| F|  |TS  0|AC  0|TAMS 0x0000000086800000, 0x0000000086800000|
|  97|0x0000000086900000, 0x0000000086900000, 0x0000000086a00000|  0%| F|  |TS  0|AC  0|TAMS 0x0000000086900000, 0x0000000086900000|
|  98|0x0000000086a00000, 0x0000000086a00000, 0x0000000086b00000|  0%| F|  |TS  0|AC  0|TAMS 0x0000000086a00000, 0x0000000086a00000|
|  99|0x0000000086b00000, 0x0000000086b00000, 0x0000000086c00000|  0%| F|  |TS  0|AC  0|TAMS 0x0000000086b00000, 0x0000000086b00000|
| 100|0x0000000086c00000, 0x0000000086c00000, 0x0000000086d00000|  0%| F|  |TS  0|AC  0|TAMS 0x0000000086c00000, 0x0000000086c00000|
| 101|0x0000000086d00000, 0x0000000086d00000, 0x0000000086e00000|  0%| F|  |TS  0|AC  0|TAMS 0x0000000086d00000, 0x0000000086d00000|
| 102|0x0000000086e00000, 0x0000000086e00000, 0x0000000086f00000|  0%| F|  |TS  0|AC  0|TAMS 0x0000000086e00000, 0x0000000086e00000|
| 103|0x0000000086f00000, 0x0000000086f00000, 0x0000000087000000|  0%| F|  |TS  0|AC  0|TAMS 0x0000000086f00000, 0x0000000086f00000|
| 104|0x0000000087000000, 0x0000000087000000, 0x0000000087100000|  0%| F|  |TS  0|AC  0|TAMS 0x0000000087000000, 0x0000000087000000|
| 105|0x0000000087100000, 0x0000000087100000, 0x0000000087200000|  0%| F|  |TS  0|AC  0|TAMS 0x0000000087100000, 0x0000000087100000|
| 106|0x0000000087200000, 0x0000000087200000, 0x0000000087300000|  0%| F|  |TS  0|AC  0|TAMS 0x0000000087200000, 0x0000000087200000|
| 107|0x0000000087300000, 0x0000000087300000, 0x0000000087400000|  0%| F|  |TS  0|AC  0|TAMS 0x0000000087300000, 0x0000000087300000|
| 108|0x0000000087400000, 0x0000000087400000, 0x0000000087500000|  0%| F|  |TS  0|AC  0|TAMS 0x0000000087400000, 0x0000000087400000|
| 109|0x0000000087500000, 0x0000000087500000, 0x0000000087600000|  0%| F|  |TS  0|AC  0|TAMS 0x0000000087500000, 0x0000000087500000|
| 110|0x0000000087600000, 0x0000000087600000, 0x0000000087700000|  0%| F|  |TS  0|AC  0|TAMS 0x0000000087600000, 0x0000000087600000|
| 111|0x0000000087700000, 0x0000000087700000, 0x0000000087800000|  0%| F|  |TS  0|AC  0|TAMS 0x0000000087700000, 0x0000000087700000|
| 112|0x0000000087800000, 0x0000000087800000, 0x0000000087900000|  0%| F|  |TS  0|AC  0|TAMS 0x0000000087800000, 0x0000000087800000|
| 113|0x0000000087900000, 0x0000000087900000, 0x0000000087a00000|  0%| F|  |TS  0|AC  0|TAMS 0x0000000087900000, 0x0000000087900000|
| 114|0x0000000087a00000, 0x0000000087a00000, 0x0000000087b00000|  0%| F|  |TS  0|AC  0|TAMS 0x0000000087a00000, 0x0000000087a00000|
| 115|0x0000000087b00000, 0x0000000087b00000, 0x0000000087c00000|  0%| F|  |TS  0|AC  0|TAMS 0x0000000087b00000, 0x0000000087b00000|
| 116|0x0000000087c00000, 0x0000000087c00000, 0x0000000087d00000|  0%| F|  |TS  0|AC  0|TAMS 0x0000000087c00000, 0x0000000087c00000|
| 117|0x0000000087d00000, 0x0000000087d00000, 0x0000000087e00000|  0%| F|  |TS  0|AC  0|TAMS 0x0000000087d00000, 0x0000000087d00000|
| 118|0x0000000087e00000, 0x0000000087e00000, 0x0000000087f00000|  0%| F|  |TS  0|AC  0|TAMS 0x0000000087e00000, 0x0000000087e00000|
| 119|0x0000000087f00000, 0x0000000087f9ed70, 0x0000000088000000| 62%| E|  |TS  0|AC  0|TAMS 0x0000000087f00000, 0x0000000087f00000|
| 120|0x0000000088000000, 0x0000000088100000, 0x0000000088100000|100%| E|CS|TS  0|AC  0|TAMS 0x0000000088000000, 0x0000000088000000|
| 121|0x0000000088100000, 0x0000000088200000, 0x0000000088200000|100%| E|CS|TS  0|AC  0|TAMS 0x0000000088100000, 0x0000000088100000|
| 122|0x0000000088200000, 0x0000000088300000, 0x0000000088300000|100%| E|CS|TS  0|AC  0|TAMS 0x0000000088200000, 0x0000000088200000|
| 123|0x0000000088300000, 0x0000000088400000, 0x0000000088400000|100%| E|CS|TS  0|AC  0|TAMS 0x0000000088300000, 0x0000000088300000|
| 124|0x0000000088400000, 0x0000000088500000, 0x0000000088500000|100%| E|CS|TS  0|AC  0|TAMS 0x0000000088400000, 0x0000000088400000|
| 125|0x0000000088500000, 0x0000000088600000, 0x0000000088600000|100%| E|CS|TS  0|AC  0|TAMS 0x0000000088500000, 0x0000000088500000|
| 126|0x0000000088600000, 0x0000000088700000, 0x0000000088700000|100%| E|CS|TS  0|AC  0|TAMS 0x0000000088600000, 0x0000000088600000|
| 127|0x0000000088700000, 0x0000000088800000, 0x0000000088800000|100%| E|CS|TS  0|AC  0|TAMS 0x0000000088700000, 0x0000000088700000|

Card table byte_map: [0x000001b522810000,0x000001b522c10000] byte_map_base: 0x000001b52240c000

Marking Bits (Prev, Next): (CMBitMap*) 0x000001b506a78850, (CMBitMap*) 0x000001b506a78888
 Prev Bits: [0x000001b523010000, 0x000001b524ff0000)
 Next Bits: [0x000001b524ff0000, 0x000001b526fd0000)

Polling page: 0x000001b504780000

CodeHeap 'non-profiled nmethods': size=120064Kb used=178Kb max_used=178Kb free=119885Kb
 bounds [0x000001b51a590000, 0x000001b51a800000, 0x000001b521ad0000]
CodeHeap 'profiled nmethods': size=120000Kb used=905Kb max_used=905Kb free=119094Kb
 bounds [0x000001b513060000, 0x000001b5132d0000, 0x000001b51a590000]
CodeHeap 'non-nmethods': size=5696Kb used=1224Kb max_used=1236Kb free=4471Kb
 bounds [0x000001b512ad0000, 0x000001b512d40000, 0x000001b513060000]
 total_blobs=1099 nmethods=577 adapters=297
 compilation: enabled

Compilation events (10 events):
Event: 0.613 Thread 0x000001b529e75800  571       3       sun.net.www.protocol.file.Handler::parseURL (18 bytes)
Event: 0.613 Thread 0x000001b529e75800 nmethod 571 0x000001b513141610 code [0x000001b5131417e0, 0x000001b513141a60]
Event: 0.613 Thread 0x000001b529e75800  570       1       java.security.CodeSource::getLocationNoFragString (5 bytes)
Event: 0.613 Thread 0x000001b529e75800 nmethod 570 0x000001b51a5bb690 code [0x000001b51a5bb840, 0x000001b51a5bb958]
Event: 0.614 Thread 0x000001b529e75800  574       3       sun.invoke.util.Wrapper::forBasicType (16 bytes)
Event: 0.615 Thread 0x000001b529e75800 nmethod 574 0x000001b513141b90 code [0x000001b513141d40, 0x000001b513141fb0]
Event: 0.615 Thread 0x000001b529e5d800  575       4       java.lang.StringLatin1::indexOf (121 bytes)
Event: 0.615 Thread 0x000001b529e75800  576       3       java.lang.ref.SoftReference::get (29 bytes)
Event: 0.616 Thread 0x000001b529e75800 nmethod 576 0x000001b513142090 code [0x000001b513142240, 0x000001b513142458]
Event: 0.623 Thread 0x000001b529e5b000  577       4       java.util.Arrays::copyOfRange (63 bytes)

GC Heap History (0 events):
No events

Deoptimization events (3 events):
Event: 0.159 Thread 0x000001b5069d4800 Uncommon trap: reason=range_check action=reinterpret pc=0x000001b51a5955e8 method=java.lang.StringLatin1.indexOf([BII)I @ 13 c2
Event: 0.298 Thread 0x000001b5069d4800 Uncommon trap: reason=unstable_if action=reinterpret pc=0x000001b51a593718 method=java.lang.String.charAt(I)C @ 4 c2
Event: 0.450 Thread 0x000001b5069d4800 Uncommon trap: reason=unstable_if action=reinterpret pc=0x000001b51a5b1e58 method=sun.nio.fs.WindowsPathParser.isSlash(C)Z @ 9 c2

Classes redefined (0 events):
No events

Internal exceptions (10 events):
Event: 0.361 Thread 0x000001b5069d4800 Exception <a 'java/lang/NoSuchMethodError'{0x00000000883be830}: java.lang.invoke.DirectMethodHandle$Holder.invokeStatic(Ljava/lang/Object;Ljava/lang/Object;)I> (0x00000000883be830) thrown at [c:/workspace/9-2-build-windows-amd64-cygwin-phase2/jdk9/6725/ho
Event: 0.382 Thread 0x000001b5069d4800 Exception <a 'java/lang/NoSuchMethodError'{0x00000000882200f0}: method resolution failed> (0x00000000882200f0) thrown at [c:/workspace/9-2-build-windows-amd64-cygwin-phase2/jdk9/6725/hotspot/src/share/vm/prims/methodHandles.cpp, line 1256]
Event: 0.383 Thread 0x000001b5069d4800 Exception <a 'java/lang/NoSuchMethodError'{0x0000000088223da8}: method resolution failed> (0x0000000088223da8) thrown at [c:/workspace/9-2-build-windows-amd64-cygwin-phase2/jdk9/6725/hotspot/src/share/vm/prims/methodHandles.cpp, line 1256]
Event: 0.384 Thread 0x000001b5069d4800 Exception <a 'java/lang/NoSuchMethodError'{0x00000000882272a8}: java.lang.invoke.DelegatingMethodHandle$Holder.delegate(Ljava/lang/Object;Ljava/lang/Object;ILjava/lang/Object;)V> (0x00000000882272a8) thrown at [c:/workspace/9-2-build-windows-amd64-cygwin-
Event: 0.387 Thread 0x000001b5069d4800 Exception <a 'java/lang/NoSuchMethodError'{0x000000008822ae50}: java.lang.invoke.DirectMethodHandle$Holder.invokeSpecial(Ljava/lang/Object;Ljava/lang/Object;Ljava/lang/Object;)I> (0x000000008822ae50) thrown at [c:/workspace/9-2-build-windows-amd64-cygwin-
Event: 0.393 Thread 0x000001b5069d4800 Exception <a 'java/lang/NoSuchMethodError'{0x0000000088232418}: java.lang.invoke.DirectMethodHandle$Holder.invokeStaticInit(Ljava/lang/Object;Ljava/lang/Object;Ljava/lang/Object;)Ljava/lang/Object;> (0x0000000088232418) thrown at [c:/workspace/9-2-build-w
Event: 0.427 Thread 0x000001b5069d4800 Exception <a 'java/lang/NoSuchMethodError'{0x00000000882c9ca0}: java.lang.Object.lambda$static$0(Ljava/lang/String;)Ljava/lang/Boolean;> (0x00000000882c9ca0) thrown at [c:/workspace/9-2-build-windows-amd64-cygwin-phase2/jdk9/6725/hotspot/src/share/vm/inte
Event: 0.429 Thread 0x000001b5069d4800 Exception <a 'java/lang/NoSuchMethodError'{0x00000000882d3f78}: java.lang.Object.lambda$union$2(Ljava/util/regex/Pattern$CharPredicate;I)Z> (0x00000000882d3f78) thrown at [c:/workspace/9-2-build-windows-amd64-cygwin-phase2/jdk9/6725/hotspot/src/share/vm/i
Event: 0.591 Thread 0x000001b5069d4800 Exception <a 'sun/nio/fs/WindowsException'{0x00000000880c3ac0}> (0x00000000880c3ac0) thrown at [c:/workspace/9-2-build-windows-amd64-cygwin-phase2/jdk9/6725/hotspot/src/share/vm/prims/jni.cpp, line 604]
Event: 0.592 Thread 0x000001b5069d4800 Exception <a 'sun/nio/fs/WindowsException'{0x00000000880c52d0}> (0x00000000880c52d0) thrown at [c:/workspace/9-2-build-windows-amd64-cygwin-phase2/jdk9/6725/hotspot/src/share/vm/prims/jni.cpp, line 604]

Events (10 events):
Event: 0.615 loading class org/lwjgl/system/jni/JNINativeInterface
Event: 0.615 loading class org/lwjgl/system/jni/JNINativeInterface done
Event: 0.618 loading class org/lwjgl/system/windows/WinBase
Event: 0.618 loading class org/lwjgl/system/windows/WinBase done
Event: 0.621 loading class org/lwjgl/opengl/GL$1
Event: 0.621 loading class org/lwjgl/opengl/GL$1 done
Event: 0.621 loading class org/lwjgl/opengl/GL$SharedLibraryGL
Event: 0.621 loading class org/lwjgl/opengl/GL$SharedLibraryGL done
Event: 0.622 loading class org/lwjgl/system/SharedLibrary$Delegate
Event: 0.622 loading class org/lwjgl/system/SharedLibrary$Delegate done


Dynamic libraries:
0x00007ff791450000 - 0x00007ff79148e000 	C:\Program Files\Java\jdk-9\bin\java.exe
0x00007ffb8dd20000 - 0x00007ffb8df00000 	C:\WINDOWS\SYSTEM32\ntdll.dll
0x00007ffb8b5b0000 - 0x00007ffb8b65e000 	C:\WINDOWS\System32\KERNEL32.DLL
0x00007ffb89af0000 - 0x00007ffb89d56000 	C:\WINDOWS\System32\KERNELBASE.dll
0x00007ffb8d440000 - 0x00007ffb8d4e1000 	C:\WINDOWS\System32\ADVAPI32.dll
0x00007ffb8b980000 - 0x00007ffb8ba1d000 	C:\WINDOWS\System32\msvcrt.dll
0x00007ffb8aa20000 - 0x00007ffb8aa7b000 	C:\WINDOWS\System32\sechost.dll
0x00007ffb8b860000 - 0x00007ffb8b97f000 	C:\WINDOWS\System32\RPCRT4.dll
0x00007ffb8be70000 - 0x00007ffb8bfff000 	C:\WINDOWS\System32\USER32.dll
0x00007ffb89d60000 - 0x00007ffb89d80000 	C:\WINDOWS\System32\win32u.dll
0x00007ffb8b770000 - 0x00007ffb8b798000 	C:\WINDOWS\System32\GDI32.dll
0x00007ffb89950000 - 0x00007ffb89ae3000 	C:\WINDOWS\System32\gdi32full.dll
0x00007ffb8a4d0000 - 0x00007ffb8a56b000 	C:\WINDOWS\System32\msvcp_win.dll
0x00007ffb8a5c0000 - 0x00007ffb8a6b6000 	C:\WINDOWS\System32\ucrtbase.dll
0x00007ffb72770000 - 0x00007ffb729d9000 	C:\WINDOWS\WinSxS\amd64_microsoft.windows.common-controls_6595b64144ccf1df_6.0.16299.309_none_15cfd4c4935e6b11\COMCTL32.dll
0x00007ffb8af90000 - 0x00007ffb8b298000 	C:\WINDOWS\System32\combase.dll
0x00007ffb84db0000 - 0x00007ffb84dba000 	C:\WINDOWS\SYSTEM32\VERSION.dll
0x00007ffb8a940000 - 0x00007ffb8a9b2000 	C:\WINDOWS\System32\bcryptPrimitives.dll
0x00007ffb8bd90000 - 0x00007ffb8bdbd000 	C:\WINDOWS\System32\IMM32.DLL
0x00007ffb62020000 - 0x00007ffb6210f000 	C:\Program Files\Java\jdk-9\bin\msvcr120.dll
0x00007ffb6d510000 - 0x00007ffb6d5b6000 	C:\Program Files\Java\jdk-9\bin\msvcp120.dll
0x0000000063e60000 - 0x000000006488a000 	C:\Program Files\Java\jdk-9\bin\server\jvm.dll
0x00007ffb8d940000 - 0x00007ffb8d948000 	C:\WINDOWS\System32\PSAPI.DLL
0x00007ffb83390000 - 0x00007ffb83399000 	C:\WINDOWS\SYSTEM32\WSOCK32.dll
0x00007ffb8b470000 - 0x00007ffb8b4dc000 	C:\WINDOWS\System32\WS2_32.dll
0x00007ffb7e740000 - 0x00007ffb7e763000 	C:\WINDOWS\SYSTEM32\WINMM.dll
0x00007ffb7e380000 - 0x00007ffb7e3aa000 	C:\WINDOWS\SYSTEM32\winmmbase.dll
0x00007ffb8a570000 - 0x00007ffb8a5ba000 	C:\WINDOWS\System32\cfgmgr32.dll
0x00007ffb85920000 - 0x00007ffb8592f000 	C:\Program Files\Java\jdk-9\bin\verify.dll
0x00007ffb76000000 - 0x00007ffb76027000 	C:\Program Files\Java\jdk-9\bin\java.dll
0x00007ffb6cc90000 - 0x00007ffb6ccba000 	C:\Program Files\Java\jdk-9\bin\instrument.dll
0x00007ffb70b20000 - 0x00007ffb70b36000 	C:\Program Files\Java\jdk-9\bin\zip.dll
0x00007ffb84b80000 - 0x00007ffb84b8a000 	C:\Program Files\Java\jdk-9\bin\jimage.dll
0x00007ffb8c000000 - 0x00007ffb8d436000 	C:\WINDOWS\System32\SHELL32.dll
0x00007ffb8bdc0000 - 0x00007ffb8be66000 	C:\WINDOWS\System32\shcore.dll
0x00007ffb89d80000 - 0x00007ffb8a4c7000 	C:\WINDOWS\System32\windows.storage.dll
0x00007ffb8b800000 - 0x00007ffb8b851000 	C:\WINDOWS\System32\shlwapi.dll
0x00007ffb898a0000 - 0x00007ffb898b1000 	C:\WINDOWS\System32\kernel.appcore.dll
0x00007ffb898c0000 - 0x00007ffb8990c000 	C:\WINDOWS\System32\powrprof.dll
0x00007ffb89930000 - 0x00007ffb8994b000 	C:\WINDOWS\System32\profapi.dll
0x00007ffb6bb10000 - 0x00007ffb6bb2a000 	C:\Program Files\Java\jdk-9\bin\net.dll
0x00007ffb87370000 - 0x00007ffb8744e000 	C:\WINDOWS\SYSTEM32\WINHTTP.dll
0x00007ffb890d0000 - 0x00007ffb89136000 	C:\WINDOWS\system32\mswsock.dll
0x00007ffb6a8d0000 - 0x00007ffb6a8e1000 	C:\Program Files\Java\jdk-9\bin\nio.dll
0x00007ffb692f0000 - 0x00007ffb6930a000 	C:\Program Files\JetBrains\IntelliJ IDEA 2017.2.5\bin\breakgen64.dll
0x00007ffb69290000 - 0x00007ffb692eb000 	C:\Users\Boyke\AppData\Local\Temp\lwjglBoyke\3.1.6-build-14\lwjgl.dll
0x00007ffb61fc0000 - 0x00007ffb6201f000 	C:\Users\Boyke\AppData\Local\Temp\lwjglBoyke\3.1.6-build-14\lwjgl_opengl.dll
0x00007ffb693c0000 - 0x00007ffb694de000 	C:\WINDOWS\SYSTEM32\opengl32.dll
0x00007ffb76740000 - 0x00007ffb7676c000 	C:\WINDOWS\SYSTEM32\GLU32.dll
0x00007ffb83650000 - 0x00007ffb83818000 	C:\WINDOWS\SYSTEM32\dbghelp.dll

VM Arguments:
jvm_args: -javaagent:C:\Program Files\JetBrains\IntelliJ IDEA 2017.2.5\lib\idea_rt.jar=59165:C:\Program Files\JetBrains\IntelliJ IDEA 2017.2.5\bin -Dfile.encoding=UTF-8 
java_command: Game.MainGameLoop
java_class_path (initial): C:\Users\Boyke\Documents\GitHub\_3Dapi\renderer\target\classes;C:\Users\Boyke\Documents\GitHub\_3Dapi\init\target\classes;C:\Users\Boyke\.m2\repository\org\lwjgl\lwjgl\3.1.6\lwjgl-3.1.6.jar;C:\Users\Boyke\.m2\repository\org\lwjgl\lwjgl-assimp\3.1.6\lwjgl-assimp-3.1.6.jar;C:\Users\Boyke\.m2\repository\org\lwjgl\lwjgl-bgfx\3.1.6\lwjgl-bgfx-3.1.6.jar;C:\Users\Boyke\.m2\repository\org\lwjgl\lwjgl-glfw\3.1.6\lwjgl-glfw-3.1.6.jar;C:\Users\Boyke\.m2\repository\org\lwjgl\lwjgl-nanovg\3.1.6\lwjgl-nanovg-3.1.6.jar;C:\Users\Boyke\.m2\repository\org\lwjgl\lwjgl-nuklear\3.1.6\lwjgl-nuklear-3.1.6.jar;C:\Users\Boyke\.m2\repository\org\lwjgl\lwjgl-openal\3.1.6\lwjgl-openal-3.1.6.jar;C:\Users\Boyke\.m2\repository\org\lwjgl\lwjgl-opengl\3.1.6\lwjgl-opengl-3.1.6.jar;C:\Users\Boyke\.m2\repository\org\lwjgl\lwjgl-par\3.1.6\lwjgl-par-3.1.6.jar;C:\Users\Boyke\.m2\repository\org\lwjgl\lwjgl-stb\3.1.6\lwjgl-stb-3.1.6.jar;C:\Users\Boyke\.m2\repository\org\lwjgl\lwjgl-vulkan\3.1.6\lwjgl-vulkan-3.1.6.jar;C:\Users\Boyke\.m2\repository\org\lwjgl\lwjgl\3.1.6\lwjgl-3.1.6-natives-windows.jar;C:\Users\Boyke\.m2\repository\org\lwjgl\lwjgl-assimp\3.1.6\lwjgl-assimp-3.1.6-natives-windows.jar;C:\Users\Boyke\.m2\repository\org\lwjgl\lwjgl-bgfx\3.1.6\lwjgl-bgfx-3.1.6-natives-windows.jar;C:\Users\Boyke\.m2\repository\org\lwjgl\lwjgl-glfw\3.1.6\lwjgl-glfw-3.1.6-natives-windows.jar;C:\Users\Boyke\.m2\repository\org\lwjgl\lwjgl-nanovg\3.1.6\lwjgl-nanovg-3.1.6-natives-windows.jar;C:\Users\Boyke\.m2\repository\org\lwjgl\lwjgl-nuklear\3.1.6\lwjgl-nuklear-3.1.6-natives-windows.jar;C:\Users\Boyke\.m2\repository\org\lwjgl\lwjgl-openal\3.1.6\lwjgl-openal-3.1.6-natives-windows.jar;C:\Users\Boyke\.m2\repository\org\lwjgl\lwjgl-opengl\3.1.6\lwjgl-opengl-3.1.6-natives-windows.jar;C:\Users\Boyke\.m2\repository\org\lwjgl\lwjgl-par\3.1.6\lwjgl-par-3.1.6-natives-windows.jar;C:\Users\Boyke\.m2\repository\org\lwjgl\lwjgl-stb\3.1.6\lwjgl-stb-3.1.6-natives-windows.jar
Launcher Type: SUN_STANDARD

Logging:
Log output configuration:
#0: stdout all=warning uptime,level,tags
#1: stderr all=off uptime,level,tags

Environment Variables:
JAVA_HOME=C:\Program Files\Java\jdk-9
PATH=C:\ProgramData\Oracle\Java\javapath;C:\app\client\Boyke\product\12.1.0\client_1;C:\app\client\Boyke\product\12.1.0\client_1\bin;C:\Windows\system32;C:\Windows;C:\Windows\System32\Wbem;C:\Windows\System32\WindowsPowerShell\v1.0\;C:\Users\Boyke\.dnx\bin;C:\Program Files\Microsoft DNX\Dnvm\;C:\Program Files\Microsoft SQL Server\130\Tools\Binn\;C:\Program Files\CMake\bin;C:\Program Files (x86)\PuTTY\;C:\Program Files (x86)\Microsoft SQL Server\110\DTS\Binn\;C:\Program Files (x86)\Microsoft SQL Server\120\DTS\Binn\;C:\Program Files (x86)\Microsoft SQL Server\130\DTS\Binn\;C:\WINDOWS\system32;C:\WINDOWS;C:\WINDOWS\System32\Wbem;C:\WINDOWS\System32\WindowsPowerShell\v1.0\;C:\Program Files\Git\cmd;C:\Program Files (x86)\NVIDIA Corporation\PhysX\Common;C:\Program Files (x86)\GtkSharp\2.12\bin;C:\Users\Boyke\AppData\Local\Microsoft\WindowsApps;
USERNAME=Boyke
OS=Windows_NT
PROCESSOR_IDENTIFIER=Intel64 Family 6 Model 58 Stepping 9, GenuineIntel



---------------  S Y S T E M  ---------------

OS: Windows 10 , 64 bit Build 16299 (10.0.16299.15)

CPU:total 4 (initial active 4) (2 cores per cpu, 2 threads per core) family 6 model 58 stepping 9, cmov, cx8, fxsr, mmx, sse, sse2, sse3, ssse3, sse4.1, sse4.2, popcnt, avx, clmul, erms, ht, tsc, tscinvbit, tscinv

Memory: 4k page, physical 8348848k(2566128k free), swap 16737456k(8266376k free)

vm_info: Java HotSpot(TM) 64-Bit Server VM (9+181) for windows-amd64 JRE (9+181), built on Aug  2 2017 21:30:51 by "javare" with MS VC++ 12.0 (VS2013)

END.
