#
# A fatal error has been detected by the Java Runtime Environment:
#
#  EXCEPTION_ACCESS_VIOLATION (0xc0000005) at pc=0x00007fff9bca2957, pid=1552, tid=936
#
# JRE version: Java(TM) SE Runtime Environment (9.0+11) (build 9.0.4+11)
# Java VM: Java HotSpot(TM) 64-Bit Server VM (9.0.4+11, mixed mode, tiered, compressed oops, g1 gc, windows-amd64)
# Problematic frame:
# C  [lwjgl_opengl.dll+0x12957]
#
# No core dump will be written. Minidumps are not enabled by default on client versions of Windows
#
# If you would like to submit a bug report, please visit:
#   http://bugreport.java.com/bugreport/crash.jsp
# The crash happened outside the Java Virtual Machine in native code.
# See problematic frame for where to report the bug.
#

---------------  S U M M A R Y ------------

Command Line: -javaagent:C:\Program Files\JetBrains\IntelliJ IDEA Community Edition 2017.3\lib\idea_rt.jar=55848:C:\Program Files\JetBrains\IntelliJ IDEA Community Edition 2017.3\bin -Dfile.encoding=UTF-8 Game.MainGameLoop

Host: AMD FX(tm)-6300 Six-Core Processor             , 6 cores, 7G,  Windows 10 , 64 bit Build 16299 (10.0.16299.15)
Time: Tue Apr 10 22:15:50 2018 Közép-európai nyári ido  elapsed time: 0 seconds (0d 0h 0m 0s)

---------------  T H R E A D  ---------------

Current thread (0x0000014420ae5000):  JavaThread "main" [_thread_in_native, id=936, stack(0x0000002d3fe00000,0x0000002d3ff00000)]

Stack: [0x0000002d3fe00000,0x0000002d3ff00000],  sp=0x0000002d3feff4c8,  free space=1021k
Native frames: (J=compiled Java code, j=interpreted, Vv=VM code, C=native code)
C  [lwjgl_opengl.dll+0x12957]

Java frames: (J=compiled Java code, j=interpreted, Vv=VM code)
j  org.lwjgl.opengl.GL20.glCreateShader(I)I+0
j  core.coreTypes.ShaderProgram.loadShader(Ljava/lang/String;I)I+66
j  core.coreTypes.ShaderProgram.<init>(Ljava/lang/String;Ljava/lang/String;)V+8
j  core.ShaderOpenGL.<init>()V+5
j  Game.MainGameLoop.main([Ljava/lang/String;)V+23
v  ~StubRoutines::call_stub

siginfo: EXCEPTION_ACCESS_VIOLATION (0xc0000005), reading address 0x00000000000008a8


Register to memory mapping:

RIP=0x00007fff9bca2957 lwjgl_opengl.dll
RAX=0x000000006be5f220 jvm.dll
RBX={method} {0x0000014443ebdce0} 'glCreateShader' '(I)I' in 'org/lwjgl/opengl/GL20'
RCX=0x0000000000000000 is an unknown value
RDX=0x0000002d3feff550 is pointing into the stack for thread: 0x0000014420ae5000
RSP=0x0000002d3feff4c8 is pointing into the stack for thread: 0x0000014420ae5000
RBP=0x0000002d3feff540 is pointing into the stack for thread: 0x0000014420ae5000
RSI=0x0000000000200020 is an unknown value
RDI=0x000001442c9fb603 is at code_begin+2307 in an Interpreter codelet
invoke return entry points  [0x000001442c9fad00, 0x000001442c9fb6e0]  2528 bytes
R8 =0x0000000000008b31 is an unknown value
R9 =0x0000014420ae41f0 is an unknown value
R10=0x000001442ca09170 is at code_begin+976 in an Interpreter codelet
method entry point (kind = native)  [0x000001442ca08da0, 0x000001442ca09900]  2912 bytes
R11=0x00000000887c68c0 is pointing into object: 0x0000000088753c20

[error occurred during error reporting (printing register info), id 0xc0000005]

Registers:
RAX=0x000000006be5f220, RBX=0x0000014443ebdcd8, RCX=0x0000000000000000, RDX=0x0000002d3feff550
RSP=0x0000002d3feff4c8, RBP=0x0000002d3feff540, RSI=0x0000000000200020, RDI=0x000001442c9fb603
R8 =0x0000000000008b31, R9 =0x0000014420ae41f0, R10=0x000001442ca09170, R11=0x00000000887c68c0
R12=0x0000000000000000, R13=0x0000014443ebdcc8, R14=0x0000002d3feff560, R15=0x0000014420ae5000
RIP=0x00007fff9bca2957, EFLAGS=0x0000000000010202

Top of Stack: (sp=0x0000002d3feff4c8)
0x0000002d3feff4c8:   000001442ca0919c 0000014420ae5000
0x0000002d3feff4d8:   0000014443ebdcd8 0000000000200020
0x0000002d3feff4e8:   0000000000200020 000001442ca08e53
0x0000002d3feff4f8:   0000002d3feff4f8 0000014443ebdcc8
0x0000002d3feff508:   0000002d3feff560 0000014443ed0d00
0x0000002d3feff518:   0000000000000000 00000000887c68c0
0x0000002d3feff528:   0000014443ebdcd8 0000000000000000
0x0000002d3feff538:   0000002d3feff560 0000002d3feff5b0
0x0000002d3feff548:   000001442c9fb040 00000000887c68c0
0x0000002d3feff558:   000001442ca06116 0000000000008b31
0x0000002d3feff568:   0000002d3feff568 0000014443eb9fe2
0x0000002d3feff578:   0000002d3feff5e0 0000014443eba110
0x0000002d3feff588:   0000000000000000 000000008878b7b0
0x0000002d3feff598:   0000014443eba090 0000002d3feff560
0x0000002d3feff5a8:   0000002d3feff5d8 0000002d3feff638
0x0000002d3feff5b8:   000001442c9fb040 0000000000000000 

Instructions: (pc=0x00007fff9bca2957)
0x00007fff9bca2937:   48 8b 81 f0 1b 00 00 41 8b c8 48 ff e0 cc cc cc
0x00007fff9bca2947:   cc cc cc cc cc cc cc cc cc 48 8b 01 48 8b 48 18
0x00007fff9bca2957:   48 8b 81 a8 08 00 00 41 8b c8 48 ff e0 cc cc cc
0x00007fff9bca2967:   cc cc cc cc cc cc cc cc cc 48 8b 01 41 8b c8 48 



---------------  P R O C E S S  ---------------

Java Threads: ( => current thread )
  0x0000014444795800 JavaThread "Service Thread" daemon [_thread_blocked, id=1112, stack(0x0000002d41b00000,0x0000002d41c00000)]
  0x0000014444795000 JavaThread "Monitor Ctrl-Break" daemon [_thread_in_native, id=84, stack(0x0000002d41a00000,0x0000002d41b00000)]
  0x00000144443dd800 JavaThread "Common-Cleaner" daemon [_thread_blocked, id=8128, stack(0x0000002d41900000,0x0000002d41a00000)]
  0x00000144439dc800 JavaThread "Sweeper thread" daemon [_thread_blocked, id=1204, stack(0x0000002d41800000,0x0000002d41900000)]
  0x000001444432e000 JavaThread "C1 CompilerThread2" daemon [_thread_blocked, id=10620, stack(0x0000002d41700000,0x0000002d41800000)]
  0x0000014444310000 JavaThread "C2 CompilerThread1" daemon [_thread_blocked, id=10964, stack(0x0000002d41600000,0x0000002d41700000)]
  0x000001444430f800 JavaThread "C2 CompilerThread0" daemon [_thread_blocked, id=4188, stack(0x0000002d41500000,0x0000002d41600000)]
  0x000001444430e800 JavaThread "Attach Listener" daemon [_thread_blocked, id=1296, stack(0x0000002d41400000,0x0000002d41500000)]
  0x000001444430e000 JavaThread "Signal Dispatcher" daemon [_thread_blocked, id=11652, stack(0x0000002d41300000,0x0000002d41400000)]
  0x0000014444316800 JavaThread "Finalizer" daemon [_thread_blocked, id=2500, stack(0x0000002d41100000,0x0000002d41200000)]
  0x0000014444316000 JavaThread "Reference Handler" daemon [_thread_blocked, id=3796, stack(0x0000002d41000000,0x0000002d41100000)]
=>0x0000014420ae5000 JavaThread "main" [_thread_in_native, id=936, stack(0x0000002d3fe00000,0x0000002d3ff00000)]

Other Threads:
  0x00000144442fd800 VMThread "VM Thread" [stack: 0x0000002d40f00000,0x0000002d41000000] [id=11228]
  0x0000014444797000 WatcherThread [stack: 0x0000002d41c00000,0x0000002d41d00000] [id=10220]
  0x0000014420afa800 GCTaskThread "GC Thread#0" [stack: 0x0000002d3ff00000,0x0000002d40000000] [id=4672]
  0x0000014420afc000 GCTaskThread "GC Thread#1" [stack: 0x0000002d40000000,0x0000002d40100000] [id=11384]
  0x0000014420afe000 GCTaskThread "GC Thread#2" [stack: 0x0000002d40100000,0x0000002d40200000] [id=10600]
  0x0000014420b00000 GCTaskThread "GC Thread#3" [stack: 0x0000002d40200000,0x0000002d40300000] [id=6876]
  0x0000014420b02800 GCTaskThread "GC Thread#4" [stack: 0x0000002d40300000,0x0000002d40400000] [id=9508]
  0x0000014420b06800 GCTaskThread "GC Thread#5" [stack: 0x0000002d40400000,0x0000002d40500000] [id=9232]
  0x0000014420b92800 ConcurrentGCThread "G1 Main Marker" [stack: 0x0000002d40c00000,0x0000002d40d00000] [id=7536]
  0x0000014420b93800 ConcurrentGCThread "G1 Marker#0" [stack: 0x0000002d40d00000,0x0000002d40e00000] [id=8408]
  0x0000014420b9c000 ConcurrentGCThread "G1 Marker#1" [stack: 0x0000002d40e00000,0x0000002d40f00000] [id=8024]
  0x0000014420b16800 ConcurrentGCThread "G1 Refine#0" [stack: 0x0000002d40a00000,0x0000002d40b00000] [id=9332]
  0x0000014420b13000 ConcurrentGCThread "G1 Refine#1" [stack: 0x0000002d40900000,0x0000002d40a00000] [id=11900]
  0x0000014420b11800 ConcurrentGCThread "G1 Refine#2" [stack: 0x0000002d40800000,0x0000002d40900000] [id=6492]
  0x0000014420b11000 ConcurrentGCThread "G1 Refine#3" [stack: 0x0000002d40700000,0x0000002d40800000] [id=6076]
  0x0000014420b0f800 ConcurrentGCThread "G1 Refine#4" [stack: 0x0000002d40600000,0x0000002d40700000] [id=10168]
  0x0000014420b0a000 ConcurrentGCThread "G1 Refine#5" [stack: 0x0000002d40500000,0x0000002d40600000] [id=3404]
  0x0000014420b19800 ConcurrentGCThread "G1 Young RemSet Sampling" [stack: 0x0000002d40b00000,0x0000002d40c00000] [id=9836]

Threads with active compile tasks:

VM state:not at safepoint (normal execution)

VM Mutex/Monitor currently owned by a thread: None

Heap address: 0x0000000080c00000, size: 2036 MB, Compressed Oops mode: 32-bit
Narrow klass base: 0x0000000000000000, Narrow klass shift: 3
Compressed class space size: 1073741824 Address: 0x0000000100000000

Heap:
 garbage-first heap   total 131072K, used 9216K [0x0000000080c00000, 0x0000000080d00400, 0x0000000100000000)
  region size 1024K, 10 young (10240K), 0 survivors (0K)
 Metaspace       used 8468K, capacity 8676K, committed 8832K, reserved 1056768K
  class space    used 756K, capacity 799K, committed 896K, reserved 1048576K
Heap Regions: E=young(eden), S=young(survivor), O=old, HS=humongous(starts), HC=humongous(continues), CS=collection set, F=free, A=archive, TS=gc time stamp, AC=allocation context, TAMS=top-at-mark-start (previous, next)
|   0|0x0000000080c00000, 0x0000000080c00000, 0x0000000080d00000|  0%| F|  |TS  0|AC  0|TAMS 0x0000000080c00000, 0x0000000080c00000|
|   1|0x0000000080d00000, 0x0000000080d00000, 0x0000000080e00000|  0%| F|  |TS  0|AC  0|TAMS 0x0000000080d00000, 0x0000000080d00000|
|   2|0x0000000080e00000, 0x0000000080e00000, 0x0000000080f00000|  0%| F|  |TS  0|AC  0|TAMS 0x0000000080e00000, 0x0000000080e00000|
|   3|0x0000000080f00000, 0x0000000080f00000, 0x0000000081000000|  0%| F|  |TS  0|AC  0|TAMS 0x0000000080f00000, 0x0000000080f00000|
|   4|0x0000000081000000, 0x0000000081000000, 0x0000000081100000|  0%| F|  |TS  0|AC  0|TAMS 0x0000000081000000, 0x0000000081000000|
|   5|0x0000000081100000, 0x0000000081100000, 0x0000000081200000|  0%| F|  |TS  0|AC  0|TAMS 0x0000000081100000, 0x0000000081100000|
|   6|0x0000000081200000, 0x0000000081200000, 0x0000000081300000|  0%| F|  |TS  0|AC  0|TAMS 0x0000000081200000, 0x0000000081200000|
|   7|0x0000000081300000, 0x0000000081300000, 0x0000000081400000|  0%| F|  |TS  0|AC  0|TAMS 0x0000000081300000, 0x0000000081300000|
|   8|0x0000000081400000, 0x0000000081400000, 0x0000000081500000|  0%| F|  |TS  0|AC  0|TAMS 0x0000000081400000, 0x0000000081400000|
|   9|0x0000000081500000, 0x0000000081500000, 0x0000000081600000|  0%| F|  |TS  0|AC  0|TAMS 0x0000000081500000, 0x0000000081500000|
|  10|0x0000000081600000, 0x0000000081600000, 0x0000000081700000|  0%| F|  |TS  0|AC  0|TAMS 0x0000000081600000, 0x0000000081600000|
|  11|0x0000000081700000, 0x0000000081700000, 0x0000000081800000|  0%| F|  |TS  0|AC  0|TAMS 0x0000000081700000, 0x0000000081700000|
|  12|0x0000000081800000, 0x0000000081800000, 0x0000000081900000|  0%| F|  |TS  0|AC  0|TAMS 0x0000000081800000, 0x0000000081800000|
|  13|0x0000000081900000, 0x0000000081900000, 0x0000000081a00000|  0%| F|  |TS  0|AC  0|TAMS 0x0000000081900000, 0x0000000081900000|
|  14|0x0000000081a00000, 0x0000000081a00000, 0x0000000081b00000|  0%| F|  |TS  0|AC  0|TAMS 0x0000000081a00000, 0x0000000081a00000|
|  15|0x0000000081b00000, 0x0000000081b00000, 0x0000000081c00000|  0%| F|  |TS  0|AC  0|TAMS 0x0000000081b00000, 0x0000000081b00000|
|  16|0x0000000081c00000, 0x0000000081c00000, 0x0000000081d00000|  0%| F|  |TS  0|AC  0|TAMS 0x0000000081c00000, 0x0000000081c00000|
|  17|0x0000000081d00000, 0x0000000081d00000, 0x0000000081e00000|  0%| F|  |TS  0|AC  0|TAMS 0x0000000081d00000, 0x0000000081d00000|
|  18|0x0000000081e00000, 0x0000000081e00000, 0x0000000081f00000|  0%| F|  |TS  0|AC  0|TAMS 0x0000000081e00000, 0x0000000081e00000|
|  19|0x0000000081f00000, 0x0000000081f00000, 0x0000000082000000|  0%| F|  |TS  0|AC  0|TAMS 0x0000000081f00000, 0x0000000081f00000|
|  20|0x0000000082000000, 0x0000000082000000, 0x0000000082100000|  0%| F|  |TS  0|AC  0|TAMS 0x0000000082000000, 0x0000000082000000|
|  21|0x0000000082100000, 0x0000000082100000, 0x0000000082200000|  0%| F|  |TS  0|AC  0|TAMS 0x0000000082100000, 0x0000000082100000|
|  22|0x0000000082200000, 0x0000000082200000, 0x0000000082300000|  0%| F|  |TS  0|AC  0|TAMS 0x0000000082200000, 0x0000000082200000|
|  23|0x0000000082300000, 0x0000000082300000, 0x0000000082400000|  0%| F|  |TS  0|AC  0|TAMS 0x0000000082300000, 0x0000000082300000|
|  24|0x0000000082400000, 0x0000000082400000, 0x0000000082500000|  0%| F|  |TS  0|AC  0|TAMS 0x0000000082400000, 0x0000000082400000|
|  25|0x0000000082500000, 0x0000000082500000, 0x0000000082600000|  0%| F|  |TS  0|AC  0|TAMS 0x0000000082500000, 0x0000000082500000|
|  26|0x0000000082600000, 0x0000000082600000, 0x0000000082700000|  0%| F|  |TS  0|AC  0|TAMS 0x0000000082600000, 0x0000000082600000|
|  27|0x0000000082700000, 0x0000000082700000, 0x0000000082800000|  0%| F|  |TS  0|AC  0|TAMS 0x0000000082700000, 0x0000000082700000|
|  28|0x0000000082800000, 0x0000000082800000, 0x0000000082900000|  0%| F|  |TS  0|AC  0|TAMS 0x0000000082800000, 0x0000000082800000|
|  29|0x0000000082900000, 0x0000000082900000, 0x0000000082a00000|  0%| F|  |TS  0|AC  0|TAMS 0x0000000082900000, 0x0000000082900000|
|  30|0x0000000082a00000, 0x0000000082a00000, 0x0000000082b00000|  0%| F|  |TS  0|AC  0|TAMS 0x0000000082a00000, 0x0000000082a00000|
|  31|0x0000000082b00000, 0x0000000082b00000, 0x0000000082c00000|  0%| F|  |TS  0|AC  0|TAMS 0x0000000082b00000, 0x0000000082b00000|
|  32|0x0000000082c00000, 0x0000000082c00000, 0x0000000082d00000|  0%| F|  |TS  0|AC  0|TAMS 0x0000000082c00000, 0x0000000082c00000|
|  33|0x0000000082d00000, 0x0000000082d00000, 0x0000000082e00000|  0%| F|  |TS  0|AC  0|TAMS 0x0000000082d00000, 0x0000000082d00000|
|  34|0x0000000082e00000, 0x0000000082e00000, 0x0000000082f00000|  0%| F|  |TS  0|AC  0|TAMS 0x0000000082e00000, 0x0000000082e00000|
|  35|0x0000000082f00000, 0x0000000082f00000, 0x0000000083000000|  0%| F|  |TS  0|AC  0|TAMS 0x0000000082f00000, 0x0000000082f00000|
|  36|0x0000000083000000, 0x0000000083000000, 0x0000000083100000|  0%| F|  |TS  0|AC  0|TAMS 0x0000000083000000, 0x0000000083000000|
|  37|0x0000000083100000, 0x0000000083100000, 0x0000000083200000|  0%| F|  |TS  0|AC  0|TAMS 0x0000000083100000, 0x0000000083100000|
|  38|0x0000000083200000, 0x0000000083200000, 0x0000000083300000|  0%| F|  |TS  0|AC  0|TAMS 0x0000000083200000, 0x0000000083200000|
|  39|0x0000000083300000, 0x0000000083300000, 0x0000000083400000|  0%| F|  |TS  0|AC  0|TAMS 0x0000000083300000, 0x0000000083300000|
|  40|0x0000000083400000, 0x0000000083400000, 0x0000000083500000|  0%| F|  |TS  0|AC  0|TAMS 0x0000000083400000, 0x0000000083400000|
|  41|0x0000000083500000, 0x0000000083500000, 0x0000000083600000|  0%| F|  |TS  0|AC  0|TAMS 0x0000000083500000, 0x0000000083500000|
|  42|0x0000000083600000, 0x0000000083600000, 0x0000000083700000|  0%| F|  |TS  0|AC  0|TAMS 0x0000000083600000, 0x0000000083600000|
|  43|0x0000000083700000, 0x0000000083700000, 0x0000000083800000|  0%| F|  |TS  0|AC  0|TAMS 0x0000000083700000, 0x0000000083700000|
|  44|0x0000000083800000, 0x0000000083800000, 0x0000000083900000|  0%| F|  |TS  0|AC  0|TAMS 0x0000000083800000, 0x0000000083800000|
|  45|0x0000000083900000, 0x0000000083900000, 0x0000000083a00000|  0%| F|  |TS  0|AC  0|TAMS 0x0000000083900000, 0x0000000083900000|
|  46|0x0000000083a00000, 0x0000000083a00000, 0x0000000083b00000|  0%| F|  |TS  0|AC  0|TAMS 0x0000000083a00000, 0x0000000083a00000|
|  47|0x0000000083b00000, 0x0000000083b00000, 0x0000000083c00000|  0%| F|  |TS  0|AC  0|TAMS 0x0000000083b00000, 0x0000000083b00000|
|  48|0x0000000083c00000, 0x0000000083c00000, 0x0000000083d00000|  0%| F|  |TS  0|AC  0|TAMS 0x0000000083c00000, 0x0000000083c00000|
|  49|0x0000000083d00000, 0x0000000083d00000, 0x0000000083e00000|  0%| F|  |TS  0|AC  0|TAMS 0x0000000083d00000, 0x0000000083d00000|
|  50|0x0000000083e00000, 0x0000000083e00000, 0x0000000083f00000|  0%| F|  |TS  0|AC  0|TAMS 0x0000000083e00000, 0x0000000083e00000|
|  51|0x0000000083f00000, 0x0000000083f00000, 0x0000000084000000|  0%| F|  |TS  0|AC  0|TAMS 0x0000000083f00000, 0x0000000083f00000|
|  52|0x0000000084000000, 0x0000000084000000, 0x0000000084100000|  0%| F|  |TS  0|AC  0|TAMS 0x0000000084000000, 0x0000000084000000|
|  53|0x0000000084100000, 0x0000000084100000, 0x0000000084200000|  0%| F|  |TS  0|AC  0|TAMS 0x0000000084100000, 0x0000000084100000|
|  54|0x0000000084200000, 0x0000000084200000, 0x0000000084300000|  0%| F|  |TS  0|AC  0|TAMS 0x0000000084200000, 0x0000000084200000|
|  55|0x0000000084300000, 0x0000000084300000, 0x0000000084400000|  0%| F|  |TS  0|AC  0|TAMS 0x0000000084300000, 0x0000000084300000|
|  56|0x0000000084400000, 0x0000000084400000, 0x0000000084500000|  0%| F|  |TS  0|AC  0|TAMS 0x0000000084400000, 0x0000000084400000|
|  57|0x0000000084500000, 0x0000000084500000, 0x0000000084600000|  0%| F|  |TS  0|AC  0|TAMS 0x0000000084500000, 0x0000000084500000|
|  58|0x0000000084600000, 0x0000000084600000, 0x0000000084700000|  0%| F|  |TS  0|AC  0|TAMS 0x0000000084600000, 0x0000000084600000|
|  59|0x0000000084700000, 0x0000000084700000, 0x0000000084800000|  0%| F|  |TS  0|AC  0|TAMS 0x0000000084700000, 0x0000000084700000|
|  60|0x0000000084800000, 0x0000000084800000, 0x0000000084900000|  0%| F|  |TS  0|AC  0|TAMS 0x0000000084800000, 0x0000000084800000|
|  61|0x0000000084900000, 0x0000000084900000, 0x0000000084a00000|  0%| F|  |TS  0|AC  0|TAMS 0x0000000084900000, 0x0000000084900000|
|  62|0x0000000084a00000, 0x0000000084a00000, 0x0000000084b00000|  0%| F|  |TS  0|AC  0|TAMS 0x0000000084a00000, 0x0000000084a00000|
|  63|0x0000000084b00000, 0x0000000084b00000, 0x0000000084c00000|  0%| F|  |TS  0|AC  0|TAMS 0x0000000084b00000, 0x0000000084b00000|
|  64|0x0000000084c00000, 0x0000000084c00000, 0x0000000084d00000|  0%| F|  |TS  0|AC  0|TAMS 0x0000000084c00000, 0x0000000084c00000|
|  65|0x0000000084d00000, 0x0000000084d00000, 0x0000000084e00000|  0%| F|  |TS  0|AC  0|TAMS 0x0000000084d00000, 0x0000000084d00000|
|  66|0x0000000084e00000, 0x0000000084e00000, 0x0000000084f00000|  0%| F|  |TS  0|AC  0|TAMS 0x0000000084e00000, 0x0000000084e00000|
|  67|0x0000000084f00000, 0x0000000084f00000, 0x0000000085000000|  0%| F|  |TS  0|AC  0|TAMS 0x0000000084f00000, 0x0000000084f00000|
|  68|0x0000000085000000, 0x0000000085000000, 0x0000000085100000|  0%| F|  |TS  0|AC  0|TAMS 0x0000000085000000, 0x0000000085000000|
|  69|0x0000000085100000, 0x0000000085100000, 0x0000000085200000|  0%| F|  |TS  0|AC  0|TAMS 0x0000000085100000, 0x0000000085100000|
|  70|0x0000000085200000, 0x0000000085200000, 0x0000000085300000|  0%| F|  |TS  0|AC  0|TAMS 0x0000000085200000, 0x0000000085200000|
|  71|0x0000000085300000, 0x0000000085300000, 0x0000000085400000|  0%| F|  |TS  0|AC  0|TAMS 0x0000000085300000, 0x0000000085300000|
|  72|0x0000000085400000, 0x0000000085400000, 0x0000000085500000|  0%| F|  |TS  0|AC  0|TAMS 0x0000000085400000, 0x0000000085400000|
|  73|0x0000000085500000, 0x0000000085500000, 0x0000000085600000|  0%| F|  |TS  0|AC  0|TAMS 0x0000000085500000, 0x0000000085500000|
|  74|0x0000000085600000, 0x0000000085600000, 0x0000000085700000|  0%| F|  |TS  0|AC  0|TAMS 0x0000000085600000, 0x0000000085600000|
|  75|0x0000000085700000, 0x0000000085700000, 0x0000000085800000|  0%| F|  |TS  0|AC  0|TAMS 0x0000000085700000, 0x0000000085700000|
|  76|0x0000000085800000, 0x0000000085800000, 0x0000000085900000|  0%| F|  |TS  0|AC  0|TAMS 0x0000000085800000, 0x0000000085800000|
|  77|0x0000000085900000, 0x0000000085900000, 0x0000000085a00000|  0%| F|  |TS  0|AC  0|TAMS 0x0000000085900000, 0x0000000085900000|
|  78|0x0000000085a00000, 0x0000000085a00000, 0x0000000085b00000|  0%| F|  |TS  0|AC  0|TAMS 0x0000000085a00000, 0x0000000085a00000|
|  79|0x0000000085b00000, 0x0000000085b00000, 0x0000000085c00000|  0%| F|  |TS  0|AC  0|TAMS 0x0000000085b00000, 0x0000000085b00000|
|  80|0x0000000085c00000, 0x0000000085c00000, 0x0000000085d00000|  0%| F|  |TS  0|AC  0|TAMS 0x0000000085c00000, 0x0000000085c00000|
|  81|0x0000000085d00000, 0x0000000085d00000, 0x0000000085e00000|  0%| F|  |TS  0|AC  0|TAMS 0x0000000085d00000, 0x0000000085d00000|
|  82|0x0000000085e00000, 0x0000000085e00000, 0x0000000085f00000|  0%| F|  |TS  0|AC  0|TAMS 0x0000000085e00000, 0x0000000085e00000|
|  83|0x0000000085f00000, 0x0000000085f00000, 0x0000000086000000|  0%| F|  |TS  0|AC  0|TAMS 0x0000000085f00000, 0x0000000085f00000|
|  84|0x0000000086000000, 0x0000000086000000, 0x0000000086100000|  0%| F|  |TS  0|AC  0|TAMS 0x0000000086000000, 0x0000000086000000|
|  85|0x0000000086100000, 0x0000000086100000, 0x0000000086200000|  0%| F|  |TS  0|AC  0|TAMS 0x0000000086100000, 0x0000000086100000|
|  86|0x0000000086200000, 0x0000000086200000, 0x0000000086300000|  0%| F|  |TS  0|AC  0|TAMS 0x0000000086200000, 0x0000000086200000|
|  87|0x0000000086300000, 0x0000000086300000, 0x0000000086400000|  0%| F|  |TS  0|AC  0|TAMS 0x0000000086300000, 0x0000000086300000|
|  88|0x0000000086400000, 0x0000000086400000, 0x0000000086500000|  0%| F|  |TS  0|AC  0|TAMS 0x0000000086400000, 0x0000000086400000|
|  89|0x0000000086500000, 0x0000000086500000, 0x0000000086600000|  0%| F|  |TS  0|AC  0|TAMS 0x0000000086500000, 0x0000000086500000|
|  90|0x0000000086600000, 0x0000000086600000, 0x0000000086700000|  0%| F|  |TS  0|AC  0|TAMS 0x0000000086600000, 0x0000000086600000|
|  91|0x0000000086700000, 0x0000000086700000, 0x0000000086800000|  0%| F|  |TS  0|AC  0|TAMS 0x0000000086700000, 0x0000000086700000|
|  92|0x0000000086800000, 0x0000000086800000, 0x0000000086900000|  0%| F|  |TS  0|AC  0|TAMS 0x0000000086800000, 0x0000000086800000|
|  93|0x0000000086900000, 0x0000000086900000, 0x0000000086a00000|  0%| F|  |TS  0|AC  0|TAMS 0x0000000086900000, 0x0000000086900000|
|  94|0x0000000086a00000, 0x0000000086a00000, 0x0000000086b00000|  0%| F|  |TS  0|AC  0|TAMS 0x0000000086a00000, 0x0000000086a00000|
|  95|0x0000000086b00000, 0x0000000086b00000, 0x0000000086c00000|  0%| F|  |TS  0|AC  0|TAMS 0x0000000086b00000, 0x0000000086b00000|
|  96|0x0000000086c00000, 0x0000000086c00000, 0x0000000086d00000|  0%| F|  |TS  0|AC  0|TAMS 0x0000000086c00000, 0x0000000086c00000|
|  97|0x0000000086d00000, 0x0000000086d00000, 0x0000000086e00000|  0%| F|  |TS  0|AC  0|TAMS 0x0000000086d00000, 0x0000000086d00000|
|  98|0x0000000086e00000, 0x0000000086e00000, 0x0000000086f00000|  0%| F|  |TS  0|AC  0|TAMS 0x0000000086e00000, 0x0000000086e00000|
|  99|0x0000000086f00000, 0x0000000086f00000, 0x0000000087000000|  0%| F|  |TS  0|AC  0|TAMS 0x0000000086f00000, 0x0000000086f00000|
| 100|0x0000000087000000, 0x0000000087000000, 0x0000000087100000|  0%| F|  |TS  0|AC  0|TAMS 0x0000000087000000, 0x0000000087000000|
| 101|0x0000000087100000, 0x0000000087100000, 0x0000000087200000|  0%| F|  |TS  0|AC  0|TAMS 0x0000000087100000, 0x0000000087100000|
| 102|0x0000000087200000, 0x0000000087200000, 0x0000000087300000|  0%| F|  |TS  0|AC  0|TAMS 0x0000000087200000, 0x0000000087200000|
| 103|0x0000000087300000, 0x0000000087300000, 0x0000000087400000|  0%| F|  |TS  0|AC  0|TAMS 0x0000000087300000, 0x0000000087300000|
| 104|0x0000000087400000, 0x0000000087400000, 0x0000000087500000|  0%| F|  |TS  0|AC  0|TAMS 0x0000000087400000, 0x0000000087400000|
| 105|0x0000000087500000, 0x0000000087500000, 0x0000000087600000|  0%| F|  |TS  0|AC  0|TAMS 0x0000000087500000, 0x0000000087500000|
| 106|0x0000000087600000, 0x0000000087600000, 0x0000000087700000|  0%| F|  |TS  0|AC  0|TAMS 0x0000000087600000, 0x0000000087600000|
| 107|0x0000000087700000, 0x0000000087700000, 0x0000000087800000|  0%| F|  |TS  0|AC  0|TAMS 0x0000000087700000, 0x0000000087700000|
| 108|0x0000000087800000, 0x0000000087800000, 0x0000000087900000|  0%| F|  |TS  0|AC  0|TAMS 0x0000000087800000, 0x0000000087800000|
| 109|0x0000000087900000, 0x0000000087900000, 0x0000000087a00000|  0%| F|  |TS  0|AC  0|TAMS 0x0000000087900000, 0x0000000087900000|
| 110|0x0000000087a00000, 0x0000000087a00000, 0x0000000087b00000|  0%| F|  |TS  0|AC  0|TAMS 0x0000000087a00000, 0x0000000087a00000|
| 111|0x0000000087b00000, 0x0000000087b00000, 0x0000000087c00000|  0%| F|  |TS  0|AC  0|TAMS 0x0000000087b00000, 0x0000000087b00000|
| 112|0x0000000087c00000, 0x0000000087c00000, 0x0000000087d00000|  0%| F|  |TS  0|AC  0|TAMS 0x0000000087c00000, 0x0000000087c00000|
| 113|0x0000000087d00000, 0x0000000087d00000, 0x0000000087e00000|  0%| F|  |TS  0|AC  0|TAMS 0x0000000087d00000, 0x0000000087d00000|
| 114|0x0000000087e00000, 0x0000000087e00000, 0x0000000087f00000|  0%| F|  |TS  0|AC  0|TAMS 0x0000000087e00000, 0x0000000087e00000|
| 115|0x0000000087f00000, 0x0000000087f00000, 0x0000000088000000|  0%| F|  |TS  0|AC  0|TAMS 0x0000000087f00000, 0x0000000087f00000|
| 116|0x0000000088000000, 0x0000000088000000, 0x0000000088100000|  0%| F|  |TS  0|AC  0|TAMS 0x0000000088000000, 0x0000000088000000|
| 117|0x0000000088100000, 0x0000000088100000, 0x0000000088200000|  0%| F|  |TS  0|AC  0|TAMS 0x0000000088100000, 0x0000000088100000|
| 118|0x0000000088200000, 0x0000000088271290, 0x0000000088300000| 44%| E|  |TS  0|AC  0|TAMS 0x0000000088200000, 0x0000000088200000|
| 119|0x0000000088300000, 0x0000000088400000, 0x0000000088400000|100%| E|CS|TS  0|AC  0|TAMS 0x0000000088300000, 0x0000000088300000|
| 120|0x0000000088400000, 0x0000000088500000, 0x0000000088500000|100%| E|CS|TS  0|AC  0|TAMS 0x0000000088400000, 0x0000000088400000|
| 121|0x0000000088500000, 0x0000000088600000, 0x0000000088600000|100%| E|CS|TS  0|AC  0|TAMS 0x0000000088500000, 0x0000000088500000|
| 122|0x0000000088600000, 0x0000000088700000, 0x0000000088700000|100%| E|CS|TS  0|AC  0|TAMS 0x0000000088600000, 0x0000000088600000|
| 123|0x0000000088700000, 0x0000000088800000, 0x0000000088800000|100%| E|CS|TS  0|AC  0|TAMS 0x0000000088700000, 0x0000000088700000|
| 124|0x0000000088800000, 0x0000000088900000, 0x0000000088900000|100%| E|CS|TS  0|AC  0|TAMS 0x0000000088800000, 0x0000000088800000|
| 125|0x0000000088900000, 0x0000000088a00000, 0x0000000088a00000|100%| E|CS|TS  0|AC  0|TAMS 0x0000000088900000, 0x0000000088900000|
| 126|0x0000000088a00000, 0x0000000088b00000, 0x0000000088b00000|100%| E|CS|TS  0|AC  0|TAMS 0x0000000088a00000, 0x0000000088a00000|
| 127|0x0000000088b00000, 0x0000000088c00000, 0x0000000088c00000|100%| E|CS|TS  0|AC  0|TAMS 0x0000000088b00000, 0x0000000088b00000|

Card table byte_map: [0x000001443ca50000,0x000001443ce50000] byte_map_base: 0x000001443c64a000

Marking Bits (Prev, Next): (CMBitMap*) 0x0000014420b921f0, (CMBitMap*) 0x0000014420b92228
 Prev Bits: [0x000001443d250000, 0x000001443f220000)
 Next Bits: [0x000001443f220000, 0x00000144411f0000)

Polling page: 0x0000014422340000

CodeHeap 'non-profiled nmethods': size=120064Kb used=173Kb max_used=173Kb free=119890Kb
 bounds [0x00000144344b0000, 0x0000014434720000, 0x000001443b9f0000]
CodeHeap 'profiled nmethods': size=120000Kb used=916Kb max_used=916Kb free=119083Kb
 bounds [0x000001442cf80000, 0x000001442d1f0000, 0x00000144344b0000]
CodeHeap 'non-nmethods': size=5696Kb used=1224Kb max_used=1240Kb free=4471Kb
 bounds [0x000001442c9f0000, 0x000001442cc60000, 0x000001442cf80000]
 total_blobs=1078 nmethods=566 adapters=297
 compilation: enabled

Compilation events (10 events):
Event: 0.488 Thread 0x000001444432e000 nmethod 556 0x000001442d063b90 code [0x000001442d063d80, 0x000001442d064200]
Event: 0.488 Thread 0x000001444432e000  557       3       java.util.jar.JarFile::getJarEntry (9 bytes)
Event: 0.488 Thread 0x000001444432e000 nmethod 557 0x000001442d064390 code [0x000001442d064560, 0x000001442d064850]
Event: 0.489 Thread 0x000001444432e000  559       1       java.security.CodeSource::getLocationNoFragString (5 bytes)
Event: 0.489 Thread 0x000001444432e000 nmethod 559 0x00000144344dac10 code [0x00000144344dadc0, 0x00000144344daed8]
Event: 0.489 Thread 0x000001444432e000  565       3       java.net.URL::<init> (8 bytes)
Event: 0.489 Thread 0x000001444430f800 nmethod 555 0x00000144344daf90 code [0x00000144344db140, 0x00000144344db578]
Event: 0.489 Thread 0x000001444432e000 nmethod 565 0x000001442d064910 code [0x000001442d064ac0, 0x000001442d064c50]
Event: 0.492 Thread 0x000001444432e000  566       3       java.lang.StringBuilder::<init> (6 bytes)
Event: 0.492 Thread 0x000001444432e000 nmethod 566 0x000001442d064d10 code [0x000001442d064ec0, 0x000001442d065050]

GC Heap History (0 events):
No events

Deoptimization events (3 events):
Event: 0.163 Thread 0x0000014420ae5000 Uncommon trap: reason=range_check action=reinterpret pc=0x00000144344b5854 method=java.lang.StringLatin1.indexOf([BII)I @ 13 c2
Event: 0.275 Thread 0x0000014420ae5000 Uncommon trap: reason=unstable_if action=reinterpret pc=0x00000144344b3c18 method=java.lang.String.charAt(I)C @ 4 c2
Event: 0.367 Thread 0x0000014420ae5000 Uncommon trap: reason=unstable_if action=reinterpret pc=0x00000144344cfdd8 method=sun.nio.fs.WindowsPathParser.isSlash(C)Z @ 9 c2

Classes redefined (0 events):
No events

Internal exceptions (10 events):
Event: 0.302 Thread 0x0000014420ae5000 Exception <a 'java/lang/NoSuchMethodError'{0x00000000886650a0}: java.lang.invoke.DirectMethodHandle$Holder.invokeStatic(Ljava/lang/Object;Ljava/lang/Object;)I> (0x00000000886650a0) thrown at [t:/workspace/hotspot/src/share/vm/interpreter/linkResolver.cpp,
Event: 0.315 Thread 0x0000014420ae5000 Exception <a 'java/lang/NoSuchMethodError'{0x00000000886c3ba8}: method resolution failed> (0x00000000886c3ba8) thrown at [t:/workspace/hotspot/src/share/vm/prims/methodHandles.cpp, line 1256]
Event: 0.316 Thread 0x0000014420ae5000 Exception <a 'java/lang/NoSuchMethodError'{0x00000000886c7860}: method resolution failed> (0x00000000886c7860) thrown at [t:/workspace/hotspot/src/share/vm/prims/methodHandles.cpp, line 1256]
Event: 0.316 Thread 0x0000014420ae5000 Exception <a 'java/lang/NoSuchMethodError'{0x00000000886cad60}: java.lang.invoke.DelegatingMethodHandle$Holder.delegate(Ljava/lang/Object;Ljava/lang/Object;ILjava/lang/Object;)V> (0x00000000886cad60) thrown at [t:/workspace/hotspot/src/share/vm/interprete
Event: 0.317 Thread 0x0000014420ae5000 Exception <a 'java/lang/NoSuchMethodError'{0x00000000886ce908}: java.lang.invoke.DirectMethodHandle$Holder.invokeSpecial(Ljava/lang/Object;Ljava/lang/Object;Ljava/lang/Object;)I> (0x00000000886ce908) thrown at [t:/workspace/hotspot/src/share/vm/interprete
Event: 0.319 Thread 0x0000014420ae5000 Exception <a 'java/lang/NoSuchMethodError'{0x00000000886d5f40}: java.lang.invoke.DirectMethodHandle$Holder.invokeStaticInit(Ljava/lang/Object;Ljava/lang/Object;Ljava/lang/Object;)Ljava/lang/Object;> (0x00000000886d5f40) thrown at [t:/workspace/hotspot/src
Event: 0.345 Thread 0x0000014420ae5000 Exception <a 'java/lang/NoSuchMethodError'{0x0000000088571218}: java.lang.Object.lambda$static$0(Ljava/lang/String;)Ljava/lang/Boolean;> (0x0000000088571218) thrown at [t:/workspace/hotspot/src/share/vm/interpreter/linkResolver.cpp, line 731]
Event: 0.347 Thread 0x0000014420ae5000 Exception <a 'java/lang/NoSuchMethodError'{0x000000008857b738}: java.lang.Object.lambda$union$2(Ljava/util/regex/Pattern$CharPredicate;I)Z> (0x000000008857b738) thrown at [t:/workspace/hotspot/src/share/vm/interpreter/linkResolver.cpp, line 731]
Event: 0.468 Thread 0x0000014420ae5000 Exception <a 'sun/nio/fs/WindowsException'{0x0000000088370508}> (0x0000000088370508) thrown at [t:/workspace/hotspot/src/share/vm/prims/jni.cpp, line 604]
Event: 0.468 Thread 0x0000014420ae5000 Exception <a 'sun/nio/fs/WindowsException'{0x0000000088372a80}> (0x0000000088372a80) thrown at [t:/workspace/hotspot/src/share/vm/prims/jni.cpp, line 604]

Events (10 events):
Event: 0.486 loading class org/lwjgl/system/jni/JNINativeInterface
Event: 0.486 loading class org/lwjgl/system/jni/JNINativeInterface done
Event: 0.489 loading class org/lwjgl/system/windows/WinBase
Event: 0.489 loading class org/lwjgl/system/windows/WinBase done
Event: 0.491 loading class org/lwjgl/opengl/GL$1
Event: 0.491 loading class org/lwjgl/opengl/GL$1 done
Event: 0.491 loading class org/lwjgl/opengl/GL$SharedLibraryGL
Event: 0.491 loading class org/lwjgl/opengl/GL$SharedLibraryGL done
Event: 0.492 loading class org/lwjgl/system/SharedLibrary$Delegate
Event: 0.492 loading class org/lwjgl/system/SharedLibrary$Delegate done


Dynamic libraries:
0x00007ff736a50000 - 0x00007ff736a8e000 	C:\Program Files\Java\jdk-9.0.4\bin\java.exe
0x00007fffc1890000 - 0x00007fffc1a70000 	C:\WINDOWS\SYSTEM32\ntdll.dll
0x00007fffc17b0000 - 0x00007fffc185e000 	C:\WINDOWS\System32\KERNEL32.DLL
0x00007fffbdc90000 - 0x00007fffbdef6000 	C:\WINDOWS\System32\KERNELBASE.dll
0x00007fffbfe50000 - 0x00007fffbfef1000 	C:\WINDOWS\System32\ADVAPI32.dll
0x00007fffbf2a0000 - 0x00007fffbf33d000 	C:\WINDOWS\System32\msvcrt.dll
0x00007fffbf240000 - 0x00007fffbf29b000 	C:\WINDOWS\System32\sechost.dll
0x00007fffbf5c0000 - 0x00007fffbf6df000 	C:\WINDOWS\System32\RPCRT4.dll
0x00007fffbed60000 - 0x00007fffbeeef000 	C:\WINDOWS\System32\USER32.dll
0x00007fffbe650000 - 0x00007fffbe670000 	C:\WINDOWS\System32\win32u.dll
0x00007fffbf340000 - 0x00007fffbf368000 	C:\WINDOWS\System32\GDI32.dll
0x00007fffbe850000 - 0x00007fffbe9e3000 	C:\WINDOWS\System32\gdi32full.dll
0x00007fffbecc0000 - 0x00007fffbed5b000 	C:\WINDOWS\System32\msvcp_win.dll
0x00007fffbe9f0000 - 0x00007fffbeae6000 	C:\WINDOWS\System32\ucrtbase.dll
0x00007fffb4fb0000 - 0x00007fffb5219000 	C:\WINDOWS\WinSxS\amd64_microsoft.windows.common-controls_6595b64144ccf1df_6.0.16299.309_none_15cfd4c4935e6b11\COMCTL32.dll
0x00007fffb9850000 - 0x00007fffb985a000 	C:\WINDOWS\SYSTEM32\VERSION.dll
0x00007fffbff10000 - 0x00007fffc0218000 	C:\WINDOWS\System32\combase.dll
0x00007fffbe670000 - 0x00007fffbe6e2000 	C:\WINDOWS\System32\bcryptPrimitives.dll
0x00007fffbf590000 - 0x00007fffbf5bd000 	C:\WINDOWS\System32\IMM32.DLL
0x00007fff9c0c0000 - 0x00007fff9c1af000 	C:\Program Files\Java\jdk-9.0.4\bin\msvcr120.dll
0x00007fff9c010000 - 0x00007fff9c0b6000 	C:\Program Files\Java\jdk-9.0.4\bin\msvcp120.dll
0x000000006b560000 - 0x000000006bf85000 	C:\Program Files\Java\jdk-9.0.4\bin\server\jvm.dll
0x00007fffbf3e0000 - 0x00007fffbf3e8000 	C:\WINDOWS\System32\PSAPI.DLL
0x00007fffbba40000 - 0x00007fffbba63000 	C:\WINDOWS\SYSTEM32\WINMM.dll
0x00007fffbbbf0000 - 0x00007fffbbbf9000 	C:\WINDOWS\SYSTEM32\WSOCK32.dll
0x00007fffbf370000 - 0x00007fffbf3dc000 	C:\WINDOWS\System32\WS2_32.dll
0x00007fffbb450000 - 0x00007fffbb47a000 	C:\WINDOWS\SYSTEM32\WINMMBASE.dll
0x00007fffbe800000 - 0x00007fffbe84a000 	C:\WINDOWS\System32\cfgmgr32.dll
0x00007fffba8a0000 - 0x00007fffba8af000 	C:\Program Files\Java\jdk-9.0.4\bin\verify.dll
0x00007fffb1340000 - 0x00007fffb1367000 	C:\Program Files\Java\jdk-9.0.4\bin\java.dll
0x00007fff9e0f0000 - 0x00007fff9e11a000 	C:\Program Files\Java\jdk-9.0.4\bin\instrument.dll
0x00007fffa9900000 - 0x00007fffa9916000 	C:\Program Files\Java\jdk-9.0.4\bin\zip.dll
0x00007fffb0f20000 - 0x00007fffb0f2a000 	C:\Program Files\Java\jdk-9.0.4\bin\jimage.dll
0x00007fffc0220000 - 0x00007fffc1656000 	C:\WINDOWS\System32\SHELL32.dll
0x00007fffbf8b0000 - 0x00007fffbf956000 	C:\WINDOWS\System32\shcore.dll
0x00007fffbdf00000 - 0x00007fffbe647000 	C:\WINDOWS\System32\windows.storage.dll
0x00007fffbf850000 - 0x00007fffbf8a1000 	C:\WINDOWS\System32\shlwapi.dll
0x00007fffbdc30000 - 0x00007fffbdc41000 	C:\WINDOWS\System32\kernel.appcore.dll
0x00007fffbdbe0000 - 0x00007fffbdc2c000 	C:\WINDOWS\System32\powrprof.dll
0x00007fffbdc50000 - 0x00007fffbdc6b000 	C:\WINDOWS\System32\profapi.dll
0x00007fffa9730000 - 0x00007fffa974a000 	C:\Program Files\Java\jdk-9.0.4\bin\net.dll
0x00007fffb66e0000 - 0x00007fffb67be000 	C:\WINDOWS\SYSTEM32\WINHTTP.dll
0x00007fffbd470000 - 0x00007fffbd4d6000 	C:\WINDOWS\system32\mswsock.dll
0x00007fffa5a10000 - 0x00007fffa5a21000 	C:\Program Files\Java\jdk-9.0.4\bin\nio.dll
0x00007fffa5620000 - 0x00007fffa563a000 	C:\Program Files\JetBrains\IntelliJ IDEA Community Edition 2017.3\bin\breakgen64.dll
0x00007fff9dad0000 - 0x00007fff9db2b000 	C:\Users\gep\AppData\Local\Temp\lwjglgep\3.1.6-build-14\lwjgl.dll
0x00007fff9bc90000 - 0x00007fff9bcef000 	C:\Users\gep\AppData\Local\Temp\lwjglgep\3.1.6-build-14\lwjgl_opengl.dll
0x00007fff9dc90000 - 0x00007fff9ddae000 	C:\WINDOWS\SYSTEM32\opengl32.dll
0x00007fffae500000 - 0x00007fffae52c000 	C:\WINDOWS\SYSTEM32\GLU32.dll
0x00007fffad460000 - 0x00007fffad628000 	C:\WINDOWS\SYSTEM32\dbghelp.dll

VM Arguments:
jvm_args: -javaagent:C:\Program Files\JetBrains\IntelliJ IDEA Community Edition 2017.3\lib\idea_rt.jar=55848:C:\Program Files\JetBrains\IntelliJ IDEA Community Edition 2017.3\bin -Dfile.encoding=UTF-8 
java_command: Game.MainGameLoop
java_class_path (initial): C:\Users\gep\Documents\Grafika\_2Dapi\game\target\classes;C:\Users\gep\Documents\Grafika\_2Dapi\init\target\classes;C:\Users\gep\Documents\Grafika\_2Dapi\calculate\target\classes;C:\Users\gep\.m2\repository\org\lwjgl\lwjgl\3.1.6\lwjgl-3.1.6.jar;C:\Users\gep\.m2\repository\org\lwjgl\lwjgl-assimp\3.1.6\lwjgl-assimp-3.1.6.jar;C:\Users\gep\.m2\repository\org\lwjgl\lwjgl-bgfx\3.1.6\lwjgl-bgfx-3.1.6.jar;C:\Users\gep\.m2\repository\org\lwjgl\lwjgl-glfw\3.1.6\lwjgl-glfw-3.1.6.jar;C:\Users\gep\.m2\repository\org\lwjgl\lwjgl-nanovg\3.1.6\lwjgl-nanovg-3.1.6.jar;C:\Users\gep\.m2\repository\org\lwjgl\lwjgl-nuklear\3.1.6\lwjgl-nuklear-3.1.6.jar;C:\Users\gep\.m2\repository\org\lwjgl\lwjgl-openal\3.1.6\lwjgl-openal-3.1.6.jar;C:\Users\gep\.m2\repository\org\lwjgl\lwjgl-opengl\3.1.6\lwjgl-opengl-3.1.6.jar;C:\Users\gep\.m2\repository\org\lwjgl\lwjgl-par\3.1.6\lwjgl-par-3.1.6.jar;C:\Users\gep\.m2\repository\org\lwjgl\lwjgl-stb\3.1.6\lwjgl-stb-3.1.6.jar;C:\Users\gep\.m2\repository\org\lwjgl\lwjgl-vulkan\3.1.6\lwjgl-vulkan-3.1.6.jar;C:\Users\gep\.m2\repository\org\lwjgl\lwjgl\3.1.6\lwjgl-3.1.6-natives-windows.jar;C:\Users\gep\.m2\repository\org\lwjgl\lwjgl-assimp\3.1.6\lwjgl-assimp-3.1.6-natives-windows.jar;C:\Users\gep\.m2\repository\org\lwjgl\lwjgl-bgfx\3.1.6\lwjgl-bgfx-3.1.6-natives-windows.jar;C:\Users\gep\.m2\repository\org\lwjgl\lwjgl-glfw\3.1.6\lwjgl-glfw-3.1.6-natives-windows.jar;C:\Users\gep\.m2\repository\org\lwjgl\lwjgl-nanovg\3.1.6\lwjgl-nanovg-3.1.6-natives-windows.jar;C:\Users\gep\.m2\repository\org\lwjgl\lwjgl-nuklear\3.1.6\lwjgl-nuklear-3.1.6-natives-windows.jar;C:\Users\gep\.m2\repository\org\lwjgl\lwjgl-openal\3.1.6\lwjgl-openal-3.1.6-natives-windows.jar;C:\Users\gep\.m2\repository\org\lwjgl\lwjgl-opengl\3.1.6\lwjgl-opengl-3.1.6-natives-windows.jar;C:\Users\gep\.m2\repository\org\lwjgl\lwjgl-par\3.1.6\lwjgl-par-3.1.6-natives-windows.jar;C:\Users\gep\.m2\repository\org\lwjgl\lwjgl-stb\3.1.6\lwjgl-stb-3.1.6-natives-windows.jar
Launcher Type: SUN_STANDARD

Logging:
Log output configuration:
#0: stdout all=warning uptime,level,tags
#1: stderr all=off uptime,level,tags

Environment Variables:
PATH=C:\ProgramData\Oracle\Java\javapath;C:\WINDOWS\system32;C:\WINDOWS;C:\WINDOWS\System32\Wbem;C:\WINDOWS\System32\WindowsPowerShell\v1.0\;C:\Program Files (x86)\ATI Technologies\ATI.ACE\Core-Static;C:\Program Files (x86)\AMD\ATI.ACE\Core-Static;C:\TDM-GCC-64\bin;C:\Program Files\nodejs\;C:\Program Files (x86)\NVIDIA Corporation\PhysX\Common;C:\Users\gep\AppData\Local\Microsoft\WindowsApps;C:\Users\gep\AppData\Roaming\npm
USERNAME=gep
OS=Windows_NT
PROCESSOR_IDENTIFIER=AMD64 Family 21 Model 2 Stepping 0, AuthenticAMD



---------------  S Y S T E M  ---------------

OS: Windows 10 , 64 bit Build 16299 (10.0.16299.15)

CPU:total 6 (initial active 6) (6 cores per cpu, 1 threads per core) family 21 model 2 stepping 0, cmov, cx8, fxsr, mmx, sse, sse2, sse3, ssse3, sse4.1, sse4.2, popcnt, avx, aes, clmul, mmxext, 3dnowpref, lzcnt, sse4a, tsc, tscinvbit, tscinv, bmi1

Memory: 4k page, physical 8336876k(3106460k free), swap 12974472k(5239204k free)

vm_info: Java HotSpot(TM) 64-Bit Server VM (9.0.4+11) for windows-amd64 JRE (9.0.4+11), built on Dec 20 2017 02:18:54 by "mach5one" with MS VC++ 12.0 (VS2013)

END.
